116
86 5
47 75
55 10
8 78
88 57
64 98
34 41
28 72
7 22
88 83
54 52
72 2
68 43
92 44
31 65
41 36
13 22
0 15
63 90
60 6
56 27
21 55
74 58
16 91
92 20
30 8
43 89
43 20
4 49
9 63
81 97
71 29
25 26
19 49
70 85
98 46
48 96
96 16
78 27
69 65
48 39
27 78
40 26
48 14
20 28
83 56
80 3
14 12
97 36
66 81
8 88
38 69
40 44
63 33
56 86
17 72
83 51
12 53
78 61
69 94
18 61
96 97
0 35
95 82
20 97
59 66
3 2
33 10
93 66
3 98
47 58
95 1
33 91
2 65
86 27
73 12
27 1
77 43
1 39
26 41
77 72
53 71
95 88
37 87
39 50
98 30
64 23
94 73
55 37
23 92
20 35
6 95
48 6
88 20
39 62
79 34
77 6
10 73
34 15
54 61
77 82
26 56
61 23
24 79
42 80
11 36
69 38
58 93
23 12
85 69
31 55
47 31
34 38
31 74
16 87
20 65
