109
4 88
32 8
39 77
36 39
39 99
77 9
85 91
5 37
60 5
17 97
94 56
84 25
36 54
57 26
20 31
60 63
43 31
21 4
14 83
72 63
71 23
78 34
27 4
7 97
26 38
54 40
55 85
19 52
80 50
97 75
72 97
3 18
96 42
6 4
3 55
46 10
23 63
27 91
87 9
42 71
57 0
17 76
81 66
71 47
50 89
27 22
71 32
16 61
32 77
13 24
64 93
53 67
52 6
87 59
4 78
33 41
49 29
53 10
80 20
98 22
69 78
1 51
57 43
36 57
92 0
7 37
96 89
1 62
54 57
93 6
11 0
96 48
46 99
31 91
71 4
33 18
3 14
52 43
86 74
63 20
66 48
84 40
47 13
12 76
25 2
18 19
45 85
78 1
60 89
34 72
60 71
89 23
96 64
9 42
34 37
73 54
66 25
21 66
46 64
34 52
12 32
10 51
69 40
28 77
61 10
13 15
59 55
33 83
40 43
