196
39 63
65 40
23 86
19 7
40 96
63 68
72 21
86 16
51 83
99 47
82 47
79 96
51 12
92 85
33 36
27 49
69 55
77 74
5 90
30 20
16 40
23 71
7 74
89 65
5 30
47 41
97 30
53 28
12 57
96 99
61 96
70 5
5 5
37 6
55 56
16 21
97 5
37 79
16 99
83 33
65 82
33 96
99 68
40 56
44 26
9 55
68 36
98 54
58 99
55 7
78 93
97 84
99 22
76 6
26 54
86 62
26 69
77 73
7 72
47 69
65 20
30 35
5 12
93 99
37 82
43 42
85 42
14 26
29 5
69 40
19 97
84 19
8 41
92 7
47 97
69 61
49 26
4 98
54 82
51 9
55 51
36 20
99 44
91 80
82 96
89 33
83 58
66 35
5 82
13 6
23 75
51 77
20 89
23 54
69 86
5 37
41 48
21 24
7 52
65 5
31 98
22 40
61 64
97 65
79 21
34 15
83 78
84 4
6 20
99 12
38 63
19 26
99 37
63 93
80 49
98 79
50 23
98 94
44 5
9 64
69 77
55 62
40 93
35 29
70 26
51 47
93 30
17 91
40 77
54 79
22 47
82 93
79 44
61 49
64 26
12 12
13 75
51 37
30 13
37 58
93 68
57 13
68 97
72 69
93 15
47 93
23 63
71 12
29 76
85 27
36 41
77 54
25 91
55 68
91 59
12 35
12 72
83 82
12 50
30 28
67 91
51 54
36 93
54 23
93 93
40 68
79 27
78 12
93 47
20 12
42 11
77 63
65 55
27 42
56 94
63 12
94 21
55 44
12 84
26 61
26 82
78 82
71 50
44 33
93 43
36 48
60 77
37 70
40 86
12 65
82 68
40 22
19 37
47 63
74 35
59 35
