111
11 12
81 32
90 63
9 36
41 80
2 83
26 19
49 63
34 43
21 58
76 46
0 23
90 96
8 2
93 30
16 65
84 69
13 56
21 10
4 31
85 40
55 43
35 98
63 27
46 14
68 76
54 92
76 90
65 55
92 82
49 0
87 15
26 87
72 8
3 52
4 92
24 27
48 35
60 23
70 41
90 47
73 60
2 76
36 56
46 66
99 76
50 89
28 94
79 74
66 84
53 38
12 80
32 36
82 97
1 57
60 13
56 64
75 28
13 1
81 83
7 89
5 66
91 1
28 73
32 5
64 98
76 2
40 21
17 99
37 1
29 59
91 20
44 80
0 2
92 55
58 4
23 43
70 59
58 78
75 16
42 84
4 43
18 79
4 19
71 98
23 3
18 37
90 89
35 65
52 10
80 11
34 31
53 28
82 31
61 42
77 75
76 44
7 52
84 60
21 62
54 29
31 9
77 54
84 88
50 84
82 29
14 91
73 51
13 62
57 38
77 65
