108
34 79
10 45
44 93
2 66
28 34
52 47
41 79
10 28
49 18
4 85
21 61
39 61
70 90
89 3
55 5
96 56
20 68
32 40
26 25
51 90
63 89
20 35
87 19
87 41
79 53
63 21
72 74
3 2
20 7
97 92
64 60
88 72
66 46
69 6
78 30
18 82
40 22
79 92
10 51
62 25
48 41
5 70
96 78
55 55
61 79
71 60
87 35
52 10
51 36
30 88
87 65
84 82
20 51
48 87
31 65
45 72
43 53
34 31
82 69
56 19
44 38
21 42
39 0
24 97
9 24
69 43
20 11
2 84
76 9
83 98
35 14
63 74
98 61
29 97
90 10
53 1
16 8
75 99
75 31
68 11
56 75
95 85
76 56
33 83
29 49
85 68
53 38
1 75
45 65
25 26
64 0
79 84
73 37
47 24
10 33
15 60
32 80
8 81
68 63
25 19
69 75
61 48
57 30
14 29
31 25
71 47
58 15
72 70
