196
62 64
89 22
41 44
83 83
6 61
22 92
82 36
22 41
61 27
14 77
12 28
96 98
76 69
26 68
64 8
61 83
90 7
22 5
43 27
62 41
42 60
7 44
8 91
50 7
63 97
97 72
42 81
99 40
89 58
30 19
43 97
6 6
72 54
78 98
75 21
19 55
36 6
26 91
75 54
96 57
62 79
58 63
98 88
57 48
6 27
47 26
84 42
5 98
48 75
6 77
40 58
86 7
69 8
28 34
79 83
49 12
5 13
96 21
99 37
58 97
61 23
28 75
81 98
7 46
23 19
92 72
35 47
35 11
21 48
37 98
79 40
98 86
12 63
56 44
43 76
23 99
99 7
72 69
91 25
75 26
28 66
54 5
78 5
14 7
28 83
58 93
57 26
70 40
43 34
7 22
41 92
72 99
21 33
9 82
97 51
89 99
69 84
58 58
29 5
5 58
82 56
49 47
27 50
13 99
37 63
99 77
27 98
26 27
5 36
56 77
44 20
98 25
64 12
72 26
83 79
12 82
20 63
37 37
20 13
48 97
96 61
70 12
43 50
93 41
99 12
93 93
77 66
40 6
5 68
42 72
58 23
61 58
81 21
77 38
37 20
15 48
49 73
23 27
22 69
23 84
91 75
64 93
62 37
49 94
84 11
71 51
82 93
91 60
37 58
34 84
47 33
11 42
68 79
13 21
12 93
93 36
30 44
79 89
16 13
43 12
14 57
82 71
79 51
36 78
57 72
49 45
79 12
82 26
20 78
34 41
56 11
89 50
47 61
93 84
57 33
92 12
27 13
72 65
12 36
72 37
34 93
72 93
65 50
77 74
33 29
14 73
58 82
68 23
47 22
28 54
32 70
51 55
82 51
63 67
47 82
84 65
