116
28 64
94 94
44 26
27 94
53 6
50 90
15 51
89 11
48 50
31 13
35 46
16 96
25 24
58 91
97 13
39 20
31 53
50 72
78 42
34 77
75 91
91 72
75 74
5 63
95 36
64 30
2 82
0 41
73 57
72 6
88 57
20 76
72 42
54 20
50 1
78 91
97 68
81 18
61 77
22 34
22 9
45 58
42 90
12 19
55 97
33 3
58 3
38 81
70 22
21 50
96 61
34 62
17 86
50 27
45 20
65 95
57 82
23 15
26 86
0 11
10 1
2 98
91 98
98 39
6 24
62 47
38 40
73 0
99 22
0 49
16 72
74 59
84 78
1 89
93 5
38 98
38 0
78 25
89 51
99 80
10 59
48 68
11 99
60 33
7 10
21 42
20 1
81 88
94 31
46 41
64 55
6 45
32 68
85 48
67 79
30 99
83 15
64 38
89 92
10 78
48 6
42 44
86 29
17 44
60 23
29 54
20 65
35 24
83 4
34 95
20 80
39 10
69 90
10 91
24 72
48 12
