114
47 17
47 76
79 56
95 57
25 75
8 40
33 96
81 13
78 28
6 59
60 37
6 14
87 42
61 2
47 93
44 38
74 49
21 45
16 59
47 63
14 74
69 15
26 95
0 49
70 2
85 29
36 86
25 67
66 74
86 69
96 84
86 97
21 14
7 90
64 65
10 5
44 7
64 29
60 83
9 25
42 23
29 39
51 58
36 55
11 81
72 41
68 84
37 23
13 39
88 58
73 69
10 67
45 82
36 66
41 98
49 34
32 12
20 82
69 10
35 77
99 21
66 98
82 83
84 3
95 12
2 0
58 45
99 75
81 95
35 39
3 84
35 7
91 34
62 23
18 22
51 12
3 29
3 45
52 50
22 90
87 73
82 1
92 15
67 84
87 40
27 53
12 59
23 20
71 27
82 75
86 59
62 57
45 55
27 44
3 76
30 61
90 87
58 6
19 36
79 21
78 42
50 41
66 50
44 71
92 62
41 92
11 12
89 18
16 38
42 13
82 51
79 68
77 35
86 61
