103
58 9
66 69
77 48
42 42
72 75
48 62
26 42
5 7
45 82
33 60
58 91
56 23
96 96
11 53
83 63
97 27
25 0
21 31
40 78
64 8
65 57
35 89
54 83
14 88
16 70
64 37
37 19
86 18
81 93
92 46
74 2
66 23
28 87
28 7
52 98
17 99
8 4
78 40
76 79
52 27
51 1
3 74
23 73
12 29
98 33
56 43
10 14
70 52
36 41
31 26
31 96
72 19
80 65
89 31
61 69
49 91
61 77
64 16
50 76
78 72
17 8
79 27
68 10
97 81
98 6
3 97
97 65
2 35
4 49
49 57
20 73
88 13
94 87
99 44
50 26
72 90
27 46
31 2
8 83
94 60
23 26
42 58
52 48
59 97
90 78
30 68
11 43
83 35
44 72
88 53
63 51
81 16
69 33
20 84
72 82
86 84
71 47
58 88
53 15
31 75
88 38
75 62
64 24
