118
26 69
49 70
33 87
50 41
47 62
55 15
79 27
40 1
59 80
71 50
16 46
66 65
90 57
9 72
25 60
10 56
82 38
28 25
98 41
16 93
93 13
83 86
13 23
11 1
65 34
38 15
95 94
74 11
76 99
92 71
2 94
32 47
61 2
46 2
28 83
26 29
55 56
2 55
63 90
90 4
30 99
5 73
67 73
92 42
34 33
33 65
55 89
10 95
58 30
37 83
19 39
63 16
74 32
52 62
15 76
41 77
50 7
32 79
2 36
94 27
26 7
4 17
0 1
76 6
46 44
85 71
3 33
42 21
22 10
99 26
38 51
98 65
84 87
1 52
76 25
79 52
61 51
7 15
24 99
99 45
89 13
42 29
11 90
78 92
16 59
2 79
7 3
68 82
23 45
80 24
69 9
23 76
42 37
12 31
77 43
44 87
52 25
81 75
33 56
47 71
24 43
7 50
51 24
90 37
1 64
85 8
15 8
27 69
37 23
18 84
26 33
46 56
66 26
53 38
73 39
51 16
83 28
36 44
