117
25 3
28 97
83 0
60 84
79 27
44 37
23 60
42 67
48 14
68 40
5 68
24 77
83 64
65 18
28 44
31 18
93 21
46 58
72 35
71 54
7 99
3 26
90 80
49 95
97 56
9 3
71 93
66 69
3 83
17 21
57 30
35 84
17 79
23 35
97 77
82 78
13 55
44 3
52 77
20 93
96 49
51 17
52 45
61 7
78 50
85 87
71 19
29 53
9 59
95 44
85 17
23 66
45 74
83 73
9 75
16 45
26 91
77 74
63 39
76 10
75 65
94 99
97 7
3 7
37 33
94 29
63 55
29 0
14 17
9 39
43 96
3 93
87 99
67 86
99 35
61 70
79 31
0 61
47 44
36 18
99 24
85 48
54 57
7 22
50 3
24 6
38 76
97 68
81 92
27 59
6 91
38 24
66 11
4 61
46 81
24 45
91 61
34 91
63 33
64 56
16 6
36 29
61 25
17 29
5 17
44 11
79 22
60 78
19 86
28 68
80 70
27 51
57 61
82 55
51 37
75 85
15 51
