101
4 4
15 29
64 33
33 22
20 55
96 49
41 73
63 71
49 92
78 74
12 89
68 11
76 90
34 98
34 41
52 61
50 20
80 52
72 39
18 19
44 36
49 87
63 80
36 18
14 35
29 36
83 61
74 81
85 30
37 58
29 83
89 99
62 12
7 58
91 63
94 93
47 47
62 29
52 96
85 47
61 63
26 95
19 48
77 66
17 84
33 51
65 85
90 48
77 42
41 92
59 24
23 33
40 50
39 87
84 10
99 34
7 73
99 28
65 52
1 4
96 85
98 67
34 8
83 11
75 98
5 50
32 69
5 88
74 20
46 30
17 62
64 99
42 8
58 38
88 77
21 78
98 61
9 44
78 34
18 94
88 18
55 68
77 60
79 88
58 14
32 27
17 24
48 27
66 48
60 83
46 57
39 14
26 47
44 83
48 43
73 25
63 44
78 70
71 92
88 51
71 32
