111
19 53
84 73
63 20
19 30
87 90
17 81
45 54
45 93
95 64
18 97
30 75
50 39
82 7
41 11
5 58
68 76
63 4
97 28
37 31
36 66
14 67
50 22
11 53
9 74
84 55
84 39
78 24
74 96
96 5
64 43
24 5
5 31
49 78
6 8
63 57
5 91
40 94
98 58
78 2
64 98
25 48
18 18
64 28
60 67
93 14
28 29
49 46
69 0
30 98
13 35
95 48
5 49
23 44
11 89
72 17
41 18
29 62
14 74
84 63
88 3
27 7
0 76
91 94
1 5
59 94
72 81
98 33
70 57
80 37
60 90
45 72
38 4
0 63
26 83
92 86
13 15
55 17
4 94
43 63
80 77
43 9
79 17
50 31
25 23
59 11
26 92
45 80
58 60
1 49
46 95
67 71
15 60
10 96
92 7
76 32
89 49
30 27
25 76
54 92
19 50
66 84
92 64
24 13
50 64
77 63
11 25
76 13
53 10
13 39
32 9
67 14
