110
2 70
29 89
61 78
2 93
43 9
97 2
89 66
81 23
23 45
53 37
61 50
92 47
16 60
96 21
58 94
22 8
5 22
84 95
83 14
15 94
93 29
32 9
66 18
2 2
57 3
35 35
71 68
37 49
45 25
97 89
78 49
80 35
82 89
48 88
28 84
56 72
85 62
62 3
97 72
67 91
21 41
32 32
7 96
56 43
52 24
15 5
13 54
62 64
49 74
29 97
28 24
51 88
56 16
73 25
76 93
93 86
94 14
49 52
35 23
39 83
1 37
16 75
33 55
4 16
1 66
6 38
99 99
47 60
64 36
1 71
97 37
12 21
73 53
48 0
34 75
9 2
19 61
1 98
15 99
37 9
89 4
66 97
98 77
90 57
71 10
12 75
50 40
71 63
18 46
98 23
0 30
74 85
42 55
34 93
63 75
43 22
29 21
13 61
26 47
63 12
59 26
25 89
54 89
52 3
87 56
55 65
12 46
93 18
77 63
47 15
