114
72 29
12 10
17 83
79 50
42 72
22 26
65 1
97 92
68 64
85 76
2 71
97 9
54 55
61 79
56 31
86 91
36 62
75 20
2 10
88 39
12 51
19 65
32 93
48 6
42 40
99 70
97 50
73 6
68 43
86 30
13 44
67 82
16 5
29 75
54 62
27 97
92 15
35 44
4 57
93 64
77 64
46 19
30 61
58 46
78 14
81 83
61 23
13 22
18 92
21 72
7 69
0 46
65 73
30 37
68 33
62 51
89 84
43 55
78 39
50 98
33 9
0 97
73 98
47 86
59 95
98 49
81 0
35 0
28 28
82 53
6 37
19 47
55 6
0 16
95 34
11 87
99 85
92 13
34 79
64 17
22 0
14 29
31 21
54 37
1 54
49 14
97 64
3 81
34 60
77 92
40 88
1 20
63 88
20 50
40 3
27 21
93 94
93 18
43 47
99 54
54 70
43 79
95 78
14 12
80 25
57 53
64 9
82 5
71 94
21 63
23 36
63 37
89 60
16 58
