103
62 31
96 79
46 77
78 46
52 31
93 92
25 52
26 9
95 3
69 13
51 53
96 18
74 95
6 86
52 10
31 76
7 49
70 70
13 87
43 66
85 75
96 25
80 11
21 42
95 10
66 24
89 17
81 29
2 68
34 22
12 3
57 98
64 79
66 1
86 45
71 52
22 87
42 10
95 32
62 65
30 27
95 97
27 59
5 54
50 82
27 3
97 2
82 66
51 44
18 98
90 71
28 17
96 84
87 98
55 67
7 77
85 54
75 36
33 66
59 70
76 62
90 26
88 5
80 54
0 99
7 17
0 33
37 42
20 37
43 91
17 64
79 81
50 22
29 90
9 15
7 46
44 1
19 28
66 8
95 40
37 49
54 46
17 73
54 16
36 28
30 81
66 36
2 83
20 59
23 12
44 84
58 48
42 35
32 45
48 62
58 4
19 56
93 85
37 8
24 78
57 35
37 59
10 60
