105
49 94
15 79
10 94
53 25
62 81
34 90
60 49
40 46
4 64
78 42
58 11
51 61
47 2
89 25
95 4
47 26
56 44
66 55
25 99
36 79
16 69
47 92
39 58
27 85
84 65
28 20
2 9
28 1
82 80
21 55
74 22
1 26
72 96
16 40
78 7
98 36
2 2
25 38
42 41
32 5
61 3
86 86
3 52
61 29
1 91
95 71
96 22
41 72
39 21
2 17
88 44
64 12
23 63
61 87
18 93
35 40
9 12
82 72
66 36
32 79
50 47
85 34
48 20
56 20
97 55
2 35
1 75
79 99
79 6
17 11
80 57
23 24
71 39
54 79
37 65
15 41
81 2
26 52
42 6
3 89
94 60
33 25
8 22
71 81
17 78
62 7
11 36
70 95
34 64
23 16
10 50
26 93
89 58
56 0
68 22
41 13
57 40
43 27
41 88
7 43
17 20
35 54
71 5
32 17
54 7
