110
17 33
42 53
89 64
60 27
38 76
51 55
75 8
97 13
46 33
41 93
14 71
36 3
21 53
88 38
2 28
80 96
70 33
96 32
50 69
25 36
31 79
14 23
65 56
74 73
87 80
18 7
97 95
57 12
1 12
67 89
10 97
27 96
61 90
5 76
37 28
93 78
95 56
35 13
71 16
31 43
16 48
32 65
45 78
97 39
89 98
13 56
24 86
53 91
93 20
36 96
7 37
9 14
60 20
65 82
82 88
37 63
59 60
6 65
31 58
88 0
81 52
2 93
50 38
1 1
54 2
79 53
74 35
2 98
27 14
96 64
42 0
42 16
97 4
61 0
11 80
83 8
59 75
47 39
22 22
6 53
99 25
78 24
78 66
51 54
96 47
22 89
36 27
82 38
29 65
35 49
37 92
64 20
27 7
6 90
54 76
83 91
32 34
28 74
83 70
68 7
89 25
50 30
20 57
46 63
19 80
38 81
49 46
29 22
82 62
68 29
