108
11 11
4 4
16 16
78 88
42 62
59 59
84 85
1 18
27 71
45 33
28 38
79 64
92 18
42 3
14 90
31 98
92 5
21 70
93 78
33 83
34 56
89 70
75 32
58 42
74 13
53 86
14 32
59 6
92 43
19 54
6 75
73 95
78 58
53 15
86 22
40 26
10 99
95 53
32 12
43 42
2 22
44 74
65 50
74 68
20 25
3 86
21 40
97 64
95 88
68 11
20 84
75 78
9 6
20 60
67 55
53 33
86 12
16 9
71 87
3 49
38 98
77 35
6 44
60 28
63 99
2 60
98 4
23 0
56 64
35 23
52 97
49 78
87 45
66 0
0 2
0 29
20 89
46 13
66 26
83 99
22 0
8 64
73 37
35 44
21 55
92 86
13 38
81 50
98 67
26 98
12 75
48 38
25 20
62 22
74 30
71 51
76 73
7 53
22 34
36 40
79 93
8 89
0 8
18 20
65 19
87 76
13 46
33 32
