111
96 41
80 20
55 54
4 65
69 6
8 27
3 10
48 27
34 37
28 78
24 7
34 97
82 58
63 84
88 84
13 93
32 43
5 5
56 18
95 78
74 65
61 59
7 42
43 9
95 0
94 24
68 44
2 84
42 76
71 5
62 78
77 87
3 46
90 46
37 13
69 27
32 53
22 71
37 91
50 37
18 23
41 66
4 70
18 47
88 6
60 68
78 28
89 75
60 4
95 10
4 21
16 4
26 92
37 46
81 66
75 14
83 2
12 44
66 17
98 64
97 99
28 57
5 98
96 60
78 94
76 42
8 63
24 0
38 2
96 31
6 80
51 56
48 76
56 35
40 99
19 96
41 24
23 64
0 32
48 51
91 38
49 22
7 84
69 50
0 55
78 73
39 10
64 30
64 75
31 78
36 38
84 20
24 57
14 33
66 64
9 59
5 92
28 94
72 33
61 7
50 68
30 2
71 79
6 31
85 12
18 63
32 87
34 64
47 37
17 50
79 9
