116
63 85
24 30
37 19
96 12
66 63
96 41
71 40
57 20
32 92
32 46
89 58
92 82
82 92
5 59
63 45
83 14
73 66
79 42
30 10
37 28
22 39
66 75
73 3
36 60
7 18
4 79
14 93
15 5
57 4
72 25
40 79
95 99
27 73
19 60
31 95
1 29
51 44
59 97
97 30
33 2
88 66
77 87
13 74
55 72
21 46
95 47
83 26
3 22
65 26
20 20
6 90
27 5
28 61
3 67
36 66
10 27
65 33
26 54
1 1
0 97
58 5
96 2
45 85
47 42
98 69
42 1
0 5
60 56
98 7
91 85
1 83
72 7
90 99
42 58
51 34
98 22
10 49
49 19
20 80
83 56
4 36
36 42
99 76
73 71
59 78
94 40
44 63
80 47
10 96
97 61
40 83
79 12
41 33
53 13
97 91
28 87
29 16
90 26
11 55
75 57
58 31
42 65
46 49
17 30
69 11
93 16
40 6
69 58
79 37
96 54
92 75
75 22
91 94
82 65
87 34
36 51
