108
27 51
84 42
26 65
83 83
71 14
20 35
94 96
52 71
23 10
30 91
78 98
35 21
6 54
51 22
4 31
50 44
98 37
65 65
70 92
24 83
75 78
3 48
37 96
29 69
58 83
39 43
86 90
32 41
69 45
91 62
58 6
11 89
86 11
74 61
11 61
52 50
6 23
95 73
43 77
17 9
38 57
71 36
18 46
64 10
61 94
61 69
47 36
23 28
25 21
68 98
55 17
64 46
34 76
37 50
13 54
56 61
77 91
46 53
0 5
86 26
10 75
47 5
92 56
1 9
2 89
33 7
72 29
83 44
79 63
78 13
2 63
48 3
61 32
52 95
9 98
98 91
16 75
4 37
89 76
30 2
69 0
40 20
56 97
4 84
3 16
89 59
42 60
36 90
53 27
75 20
30 83
61 76
8 31
24 42
75 55
38 14
17 61
61 53
81 83
77 68
23 44
34 66
64 16
32 44
66 90
7 38
49 17
23 56
