109
96 40
57 92
12 52
52 50
5 2
25 42
57 26
76 81
97 64
59 67
72 6
33 69
91 78
57 47
61 86
41 49
98 84
94 72
47 40
82 38
28 94
16 77
16 19
1 80
88 8
42 92
33 19
34 3
72 61
19 5
94 26
14 29
78 27
22 79
18 57
3 55
37 54
57 16
64 40
37 73
46 26
87 59
68 26
66 69
79 1
7 81
90 87
40 12
71 91
83 17
22 89
10 62
22 51
63 74
78 64
37 87
55 59
71 33
29 13
85 28
62 80
78 96
92 98
54 9
7 16
98 49
8 32
98 2
31 38
21 96
6 47
0 84
97 16
49 95
77 78
47 36
33 34
63 3
29 66
20 7
43 7
87 13
90 55
35 99
72 41
94 92
30 23
71 25
94 30
3 25
37 64
98 74
76 86
14 13
41 22
11 41
64 19
53 54
30 48
28 85
80 36
24 31
78 70
56 36
45 58
28 62
78 15
18 44
66 37
