113
23 65
63 22
8 33
3 47
93 10
46 54
20 79
63 68
91 44
88 66
46 34
2 91
67 83
67 62
16 85
32 76
88 11
83 52
46 49
71 19
30 67
57 67
88 97
34 97
54 8
39 14
30 29
31 52
78 36
13 16
25 6
18 45
70 5
24 30
56 44
86 25
39 81
33 43
90 2
60 81
47 63
56 28
34 3
28 92
65 41
73 70
25 46
86 8
47 4
79 23
79 42
17 31
65 25
21 56
20 72
25 38
3 77
96 85
82 84
57 97
7 1
71 98
8 63
93 71
93 38
46 78
99 52
69 55
3 6
65 6
2 70
16 12
65 85
98 93
93 65
52 91
0 84
34 19
8 48
16 94
98 17
96 79
98 0
96 45
40 29
50 15
19 9
79 0
47 69
78 53
74 84
61 49
10 25
38 90
70 11
11 59
10 90
10 44
33 61
34 11
57 23
39 33
49 70
71 93
53 35
29 60
71 27
92 22
39 50
70 46
17 51
10 69
77 14
