105
67 10
61 78
63 47
83 41
50 21
26 61
96 60
97 82
80 17
6 84
35 72
42 89
2 18
18 30
69 26
7 43
95 21
82 58
60 71
25 76
9 74
92 89
39 27
73 37
50 74
76 10
11 22
86 27
92 11
79 95
5 57
37 7
16 94
74 70
41 48
19 63
95 52
75 94
92 74
49 41
67 50
34 91
22 40
9 8
30 22
56 90
54 27
9 96
75 55
6 80
48 52
55 65
85 92
68 74
63 32
38 82
87 13
85 47
28 69
28 29
66 66
98 36
2 34
25 15
4 60
32 99
60 10
61 96
98 67
8 41
83 76
20 83
42 13
33 55
99 90
24 15
14 26
26 96
94 27
31 51
20 62
40 39
48 92
76 80
64 26
5 46
45 19
64 43
56 55
85 91
42 96
79 33
33 77
81 49
11 75
34 42
47 78
71 28
64 85
55 41
90 60
73 14
78 86
54 74
71 48
