111
22 13
49 32
61 89
88 3
17 36
0 47
59 17
84 60
27 91
33 67
92 95
68 76
3 91
79 87
50 92
11 29
52 10
13 9
69 15
51 82
67 94
65 35
87 42
94 27
30 27
24 50
97 77
9 73
62 62
94 2
42 60
76 44
47 29
6 54
26 97
96 63
32 13
67 4
11 87
31 77
14 1
75 22
41 93
72 74
0 39
60 37
81 2
37 47
93 85
6 5
59 68
44 68
93 55
73 96
15 20
23 33
33 93
7 32
58 83
83 48
43 20
56 89
64 76
47 3
90 18
32 3
55 51
1 68
22 64
88 99
96 41
20 61
30 48
45 35
1 88
0 21
71 48
46 99
4 74
94 71
2 54
46 75
51 52
28 77
12 99
78 82
98 48
84 5
10 49
29 19
58 20
89 64
18 94
45 46
16 4
57 62
30 63
57 5
63 99
79 7
86 86
37 86
45 37
8 15
15 38
63 28
50 18
87 57
23 20
70 80
10 46
