100
73 55
12 80
32 48
32 87
16 14
85 65
94 30
83 9
64 86
19 92
17 35
48 16
79 33
31 70
3 31
59 6
52 48
96 44
50 82
33 35
53 27
29 10
96 59
40 95
22 38
1 47
99 84
17 65
52 66
84 89
70 15
48 97
77 47
70 76
84 3
41 59
64 57
38 4
22 97
86 18
37 25
71 34
15 4
95 35
10 89
23 66
3 41
96 5
66 6
41 76
8 23
52 7
75 86
78 56
81 41
44 23
39 65
31 56
2 70
68 71
85 71
57 41
6 98
13 51
88 93
5 25
22 17
99 24
96 50
37 42
46 81
27 80
67 25
93 77
10 9
1 23
59 52
52 37
85 20
16 71
48 63
92 58
57 83
29 25
23 3
80 34
64 18
81 18
61 69
19 55
86 77
78 61
30 19
69 49
55 56
39 50
17 87
22 70
91 11
74 41
