114
51 19
83 39
77 25
56 3
17 17
25 35
78 74
97 84
56 63
7 7
3 38
48 87
43 35
68 42
35 93
69 9
60 28
53 13
72 56
87 55
24 84
95 21
39 74
2 83
94 70
36 17
78 90
18 69
94 6
98 99
32 61
6 45
56 50
59 91
62 68
0 7
18 93
12 69
77 2
92 51
17 22
84 22
87 86
77 40
27 81
77 65
12 41
14 8
93 57
92 80
57 38
78 54
89 11
68 3
40 24
25 75
43 13
30 20
82 46
3 99
34 46
28 5
2 59
0 29
36 95
74 98
95 31
98 0
57 98
6 85
47 52
47 37
29 50
38 64
68 25
52 0
52 66
51 84
18 62
20 1
2 52
14 98
20 39
31 99
73 70
93 28
29 34
8 21
69 17
97 14
54 23
6 54
82 83
95 42
49 5
66 53
2 94
35 75
15 73
83 69
24 25
32 89
7 31
65 14
8 10
79 16
46 27
68 36
92 77
41 84
22 12
58 6
65 21
24 68
