89
17 69
5 23
53 60
19 59
34 94
66 89
27 29
90 92
34 77
35 55
57 66
60 94
11 56
7 14
2 33
27 91
15 16
3 82
36 41
12 96
35 63
75 97
4 48
52 75
17 30
38 49
58 88
9 69
26 52
31 84
23 67
24 38
16 49
69 75
46 98
4 89
52 55
18 91
82 89
45 81
37 69
5 75
20 23
63 72
36 98
3 44
75 88
32 69
28 98
14 35
11 20
62 80
44 56
40 85
14 63
25 77
23 92
47 63
27 62
2 8
93 98
4 97
66 66
32 33
1 19
1 61
2 37
75 94
17 40
8 81
14 99
51 89
68 98
86 98
11 75
46 88
52 68
12 95
15 54
28 39
29 55
7 34
19 76
54 74
34 72
61 80
11 44
14 73
31 72
