108
70 3
72 79
20 8
67 95
43 71
71 31
85 7
55 73
62 72
32 60
10 87
37 97
72 58
96 42
40 2
52 48
15 30
73 20
15 91
63 30
28 29
98 19
84 71
3 44
8 66
45 20
3 9
86 53
97 78
60 97
41 86
23 96
30 20
1 61
2 28
46 62
61 8
65 58
85 38
52 39
97 53
79 75
58 83
20 15
81 13
75 38
7 23
16 78
55 21
90 83
49 85
13 10
69 65
56 32
58 57
48 90
25 45
2 99
36 6
39 42
23 0
16 50
2 80
86 27
90 92
75 95
55 2
32 75
36 44
30 98
80 54
15 57
3 66
96 62
95 28
70 44
1 85
2 23
33 58
54 7
46 22
46 67
44 99
12 38
16 94
36 34
68 5
30 19
44 6
86 78
72 25
72 61
47 48
64 91
10 72
56 79
13 11
38 62
46 34
80 52
61 36
27 14
66 12
77 84
41 16
60 69
15 22
55 68
