111
14 23
67 52
57 84
39 4
28 96
44 90
35 59
9 77
88 57
18 48
89 96
31 82
71 96
61 9
53 56
24 28
16 74
9 58
85 60
85 87
44 97
69 79
95 55
51 96
97 22
55 30
91 4
37 43
23 10
83 24
93 72
79 38
27 13
10 88
52 16
70 15
14 43
81 0
8 14
23 69
94 34
55 71
68 27
18 26
98 83
92 13
43 60
67 69
61 86
79 84
54 5
86 71
88 51
23 75
7 52
58 90
37 91
17 65
88 80
51 87
40 26
0 26
57 40
94 98
10 95
37 3
0 44
99 41
35 41
45 74
99 0
0 78
27 55
0 17
53 50
4 58
73 56
63 66
69 10
72 37
35 18
37 74
84 1
29 89
16 8
79 20
2 77
94 41
8 29
54 42
75 93
99 62
73 77
85 18
99 71
47 8
61 98
81 57
32 34
42 65
62 23
72 44
60 70
48 34
77 30
14 22
37 84
74 63
84 46
64 60
93 66
