98
4 3
11 7
28 24
40 38
64 69
83 88
13 16
19 7
20 96
43 11
16 54
12 71
10 40
50 60
36 86
78 3
24 38
6 93
67 1
50 23
14 79
73 92
29 84
50 48
16 24
54 67
12 49
4 18
25 20
15 3
28 69
92 45
68 47
99 97
88 69
75 18
61 8
89 87
70 68
56 37
29 6
28 46
24 61
8 98
35 95
73 77
42 31
10 63
14 82
56 53
34 43
93 92
17 33
28 94
64 57
38 17
83 78
19 18
31 36
97 31
89 19
51 96
97 51
40 58
58 22
44 74
66 94
83 48
0 84
47 6
77 11
1 99
95 37
97 80
55 37
64 5
3 30
1 8
42 92
70 54
19 2
26 76
69 63
31 20
98 88
54 45
10 58
40 81
39 35
18 93
45 21
75 84
19 47
19 74
48 14
11 19
25 24
33 25
