109
18 31
65 23
47 81
44 36
68 6
74 83
75 37
47 60
45 9
3 34
4 56
97 31
24 67
26 53
58 37
16 17
34 37
49 54
3 25
34 52
13 46
68 49
35 30
12 64
14 28
49 97
74 62
90 85
94 10
7 93
31 87
79 98
98 57
11 78
96 71
80 15
31 8
52 75
84 58
52 6
91 35
71 77
56 92
35 70
83 38
83 6
9 70
23 7
54 24
72 23
86 91
75 52
22 46
14 69
10 38
78 90
35 47
71 17
59 82
2 9
33 96
13 0
0 91
22 87
38 23
50 3
86 22
97 40
28 71
73 97
2 77
94 55
58 71
60 45
73 2
87 68
32 23
0 40
36 1
89 76
37 95
61 51
10 14
43 82
49 38
59 6
8 90
20 31
56 27
7 63
85 49
87 13
17 50
51 70
38 61
28 33
43 38
23 17
82 50
59 10
32 85
81 29
7 20
57 79
69 44
64 20
26 61
18 77
26 31
