109
10 3
50 6
70 81
50 77
0 91
30 34
88 62
28 6
52 22
51 94
9 50
40 66
72 42
29 78
70 18
88 82
60 50
69 2
40 49
30 95
10 79
92 34
71 62
90 6
0 66
38 18
0 22
0 37
51 38
28 58
91 90
90 53
2 2
69 94
10 18
49 62
89 22
71 34
10 95
9 34
12 58
60 71
42 2
0 74
32 18
71 26
60 95
51 30
49 86
29 50
70 10
90 69
29 86
90 13
88 46
58 2
0 50
42 42
10 86
70 53
29 70
59 18
71 70
12 42
10 9
30 25
59 42
12 66
12 26
51 54
42 94
2 82
60 77
0 57
52 14
40 74
0 14
0 29
41 34
28 42
38 10
58 62
60 35
41 58
40 87
50 47
61 86
38 26
60 27
50 70
61 10
92 98
27 0
91 38
92 1
0 98
93 76
89 30
71 86
28 64
73 48
50 0
13 72
0 6
0 46
28 11
72 76
43 80
63 56
