111
87 9
39 43
3 90
95 52
38 96
63 16
68 85
73 26
67 71
5 22
5 5
89 79
10 51
85 63
59 59
25 64
15 37
92 38
67 99
71 34
12 87
17 66
58 82
41 33
54 62
12 12
11 94
31 77
45 6
78 47
86 96
73 3
26 14
25 49
5 74
45 70
94 32
23 31
48 16
28 82
61 34
72 69
5 47
47 37
73 11
90 29
28 83
18 28
61 23
19 46
39 74
64 63
81 38
24 56
57 73
99 68
38 57
47 91
98 91
1 62
83 78
38 2
82 98
89 15
1 31
57 48
30 97
11 1
13 80
36 18
93 47
98 76
16 98
85 1
3 28
30 5
53 87
32 34
64 38
21 23
51 20
4 14
37 97
85 94
70 55
39 65
19 62
75 29
14 80
96 85
18 15
80 92
82 46
55 34
37 37
12 43
1 11
11 65
33 61
70 59
88 71
23 32
87 29
24 79
22 95
56 73
69 30
12 71
85 85
9 27
27 74
