108
10 15
7 54
74 88
16 73
55 74
69 68
21 13
77 40
96 48
1 77
97 84
74 11
10 91
52 32
44 7
75 62
75 81
57 79
96 94
21 5
17 59
48 62
28 45
33 80
91 4
18 34
36 21
91 20
2 29
99 62
37 94
58 48
35 73
81 37
35 35
77 21
17 93
62 29
64 96
96 34
79 95
89 63
34 47
11 73
17 44
52 77
60 57
8 59
82 77
74 50
6 98
8 6
19 87
92 43
21 53
89 90
84 25
68 82
43 70
25 78
74 69
95 55
52 4
77 1
1 3
40 21
31 1
97 3
66 11
53 97
50 46
97 18
34 59
0 55
5 36
2 20
0 76
45 2
15 0
53 27
89 72
42 87
75 36
26 22
72 4
32 41
98 24
14 39
24 92
34 65
54 60
89 10
67 53
66 17
35 26
42 43
80 59
56 83
48 12
3 88
5 44
15 79
29 67
53 63
82 87
72 76
82 68
63 79
