112
62 52
34 20
10 35
17 57
52 28
32 28
30 59
70 8
22 94
54 93
52 4
2 95
36 72
26 42
84 58
40 52
69 54
67 2
4 53
61 88
23 61
87 98
52 75
18 78
80 83
19 12
85 29
65 22
80 44
94 82
99 26
40 96
83 0
9 25
58 70
8 90
32 73
52 40
33 8
82 14
87 69
5 39
14 80
89 47
38 24
13 64
20 45
95 30
48 64
91 79
71 17
62 58
9 42
57 83
19 87
33 53
38 67
24 51
99 61
2 9
98 0
0 78
0 58
52 13
0 24
73 80
19 5
70 38
41 87
81 97
97 44
8 96
24 98
31 0
15 28
53 1
49 34
78 66
99 78
47 50
88 32
28 35
3 67
56 21
46 2
18 23
52 68
82 91
71 64
56 39
74 2
36 93
75 46
66 29
39 15
1 30
22 76
48 82
66 79
9 82
81 76
11 40
51 61
76 59
31 28
23 14
84 43
18 71
47 90
44 56
66 43
60 8
