112
22 72
22 2
38 72
24 92
73 72
85 91
63 36
12 26
4 63
2 36
60 88
85 42
40 25
45 88
61 45
76 78
81 50
17 12
4 50
3 30
55 81
21 83
69 81
50 10
3 97
87 22
93 63
70 15
33 38
37 4
64 2
79 4
46 57
98 77
19 43
77 29
5 91
25 16
48 97
19 62
25 99
56 71
72 58
61 22
13 5
34 20
64 7
83 77
45 7
13 77
84 14
31 72
17 22
31 13
88 69
56 95
34 95
75 65
30 29
98 36
98 9
47 42
47 39
39 54
83 0
3 11
18 48
79 92
95 85
54 64
93 26
77 33
89 48
20 97
78 98
1 1
47 26
42 74
62 98
11 63
16 40
61 67
95 43
70 50
30 36
25 66
71 33
31 2
51 0
7 1
5 34
91 20
56 51
68 6
95 77
60 81
20 26
28 85
46 12
92 40
59 18
31 6
79 59
18 19
39 49
75 12
45 67
76 26
70 93
81 84
81 31
21 30
