110
30 18
40 41
38 59
24 32
6 14
15 81
47 22
58 19
97 82
34 95
5 42
56 35
91 62
71 75
1 80
51 98
91 44
1 11
68 86
16 27
62 65
28 43
41 17
70 30
32 76
86 1
21 3
93 96
52 3
10 95
53 49
90 30
82 56
74 39
3 48
93 13
83 88
18 5
21 85
9 28
22 54
65 95
41 94
39 45
83 74
35 8
25 38
58 89
13 90
38 85
79 31
47 46
94 89
24 22
6 17
55 12
61 26
31 23
19 93
13 13
75 12
10 62
57 72
1 78
75 55
0 97
97 27
1 0
96 59
72 0
28 71
46 63
2 62
69 14
47 80
55 0
71 45
77 60
2 28
24 99
63 59
83 24
22 52
11 42
14 72
97 78
32 72
47 30
92 37
74 89
57 96
69 72
41 8
98 89
32 67
65 41
47 57
60 15
33 43
7 28
21 13
76 22
44 90
75 76
49 52
30 86
68 79
0 22
27 36
23 88
