114
53 45
42 12
84 3
57 61
18 55
40 51
4 15
19 28
62 95
73 46
26 85
39 65
86 69
70 75
16 9
48 2
27 23
32 52
12 65
68 65
50 54
96 83
2 52
73 25
84 35
16 98
42 36
94 54
80 95
39 93
51 74
97 22
98 2
24 1
10 2
95 68
93 38
25 38
60 37
80 56
55 81
12 73
86 10
14 44
33 8
34 83
66 31
46 70
36 29
73 58
82 23
63 81
35 61
13 18
59 43
28 97
27 28
87 26
32 43
45 60
70 8
5 33
51 23
2 99
66 9
76 89
98 53
47 94
6 78
0 12
53 2
19 84
99 75
78 41
26 68
6 47
34 0
81 75
67 1
0 65
14 93
70 99
4 26
87 54
85 73
67 17
18 39
39 37
61 33
43 18
67 50
21 64
33 89
46 51
41 74
71 72
39 9
90 28
81 58
26 76
13 47
58 59
11 26
26 59
80 44
51 31
62 75
22 94
59 44
18 45
31 21
71 35
48 45
54 47
