113
91 78
10 1
96 11
28 29
89 67
24 53
59 23
51 36
16 76
39 54
8 90
85 26
21 15
56 54
33 3
35 38
68 13
50 60
4 77
33 98
65 69
75 86
47 15
97 91
6 30
54 78
67 43
51 92
9 52
36 71
98 36
80 37
91 7
63 1
18 67
71 65
74 97
35 89
66 29
11 34
6 14
49 77
95 95
36 24
65 51
86 81
52 21
15 49
94 33
97 72
79 17
29 11
23 61
37 66
42 48
41 94
80 78
51 68
77 29
12 65
60 34
48 54
30 58
81 53
77 0
18 1
90 53
57 93
21 82
1 53
56 1
26 96
76 15
1 30
26 37
95 3
44 9
90 48
76 60
33 0
91 26
66 72
92 62
49 39
13 27
55 90
18 80
72 1
97 81
19 5
45 18
62 17
83 42
82 15
9 69
61 47
94 90
44 24
24 75
34 51
48 82
44 68
80 5
91 19
59 71
86 72
76 19
21 60
46 54
43 90
91 34
51 30
58 64
