201
63 5
93 90
4 63
3 14
66 42
98 51
47 78
17 86
19 72
22 26
78 56
59 65
45 45
28 95
72 25
30 1
7 29
43 9
21 43
68 95
99 35
33 68
91 74
49 99
92 14
37 23
0 99
70 74
2 77
54 30
86 29
99 1
6 43
84 2
15 1
80 84
22 57
44 59
85 43
97 18
5 48
68 44
79 8
99 76
41 81
96 56
57 25
48 44
35 32
62 79
1 8
66 98
46 7
61 11
34 99
14 90
51 93
61 58
76 61
26 10
0 30
0 91
34 49
90 97
72 28
16 71
20 23
81 60
1 58
33 93
51 29
99 72
84 38
84 77
59 58
21 37
78 2
49 1
0 72
42 62
74 98
16 8
98 32
33 76
36 29
55 79
2 44
94 0
4 0
20 51
2 82
17 22
51 21
61 61
70 39
49 47
69 80
7 96
88 21
97 88
92 58
44 2
30 70
54 94
0 22
7 59
99 42
70 19
34 15
85 74
70 0
20 86
36 83
36 56
22 2
82 94
98 20
0 46
5 77
59 9
52 72
53 44
82 8
24 37
77 42
75 23
22 7
21 60
98 66
56 86
19 99
7 33
39 37
45 16
93 51
76 76
82 63
19 75
26 43
20 90
13 16
17 58
92 35
63 94
47 63
58 0
40 30
63 38
84 88
30 16
93 72
93 5
6 92
67 59
76 26
5 23
83 48
68 10
1 37
94 28
54 72
30 49
5 68
55 18
16 53
67 65
70 84
49 87
16 79
29 85
28 63
54 39
75 47
20 16
51 58
84 17
38 51
17 37
36 5
50 15
31 79
77 32
78 68
61 26
6 85
92 42
91 87
57 53
16 32
49 37
35 44
29 21
11 63
63 67
40 74
28 61
40 25
61 19
16 43
65 50
31 30
