110
3 94
3 56
2 21
92 66
27 38
32 82
93 59
3 28
94 78
80 34
26 5
49 81
63 70
4 7
19 59
9 70
44 15
62 43
18 73
44 8
30 30
32 6
61 82
9 20
40 94
91 4
62 16
93 41
54 31
33 66
66 97
18 93
65 2
75 85
85 17
2 72
89 83
25 53
30 22
57 62
86 38
4 85
21 43
62 9
23 79
18 10
42 22
5 62
15 48
43 86
73 9
29 73
53 13
21 17
10 59
41 54
91 97
2 42
75 54
69 25
62 97
73 60
6 0
43 36
54 48
79 73
83 20
76 99
1 90
92 24
54 95
76 3
78 55
41 1
54 67
7 36
12 99
50 34
88 91
93 10
45 99
0 14
47 74
60 53
12 4
70 85
34 25
83 69
35 48
33 89
82 50
92 90
37 71
79 14
48 30
12 6
21 32
62 73
87 34
88 76
35 20
55 86
56 42
64 64
92 73
79 80
61 91
56 23
54 76
37 28
