121
66 16
94 72
26 5
52 39
85 20
26 75
18 93
28 26
48 11
37 62
44 90
74 4
92 94
75 78
29 20
27 61
13 90
42 23
72 99
54 80
69 46
5 57
66 67
82 63
93 38
7 43
11 18
95 9
58 55
48 67
40 4
4 97
60 97
85 92
44 95
4 22
13 57
91 79
95 24
32 77
58 21
76 60
49 51
27 10
25 24
85 13
68 77
18 67
99 83
89 27
57 91
98 19
65 54
19 18
35 13
29 42
10 4
60 3
4 73
70 36
87 48
30 91
3 37
99 2
2 7
99 38
26 41
42 28
97 64
98 98
2 89
70 19
68 1
13 35
1 66
91 0
37 42
48 74
78 99
70 85
44 2
59 35
36 57
12 76
0 51
60 20
20 56
81 29
3 90
21 3
52 65
77 6
22 89
78 48
90 78
26 73
41 81
47 25
68 17
17 33
52 43
72 85
54 75
61 61
86 77
64 93
65 32
43 19
14 43
13 62
63 5
32 71
17 10
75 70
54 50
18 82
52 15
82 18
27 30
6 64
56 31
