118
82 51
77 86
38 85
1 37
52 0
96 93
39 36
5 9
81 19
17 80
30 34
92 81
43 6
61 8
82 79
78 65
52 81
24 21
96 55
2 99
24 2
95 2
30 54
17 97
63 24
66 57
95 18
3 23
20 44
49 59
8 64
97 37
3 81
53 34
49 20
34 94
4 45
41 63
58 89
11 11
21 74
92 62
77 97
23 52
67 67
89 22
37 47
6 39
18 17
35 61
35 21
48 14
91 90
30 8
88 15
13 22
47 93
54 11
71 41
80 2
55 48
31 99
3 84
85 45
65 74
63 95
48 99
4 67
69 11
99 42
62 71
99 63
81 37
30 73
15 58
42 0
54 39
10 0
47 73
62 53
81 72
0 23
83 99
27 76
92 4
99 23
7 95
33 92
97 89
37 30
83 31
16 29
0 7
53 30
53 84
56 58
71 60
27 18
24 59
64 39
43 44
95 85
86 65
82 29
9 50
91 48
34 17
0 15
52 20
24 84
61 81
27 58
50 5
82 60
61 75
44 28
67 60
73 73
