109
11 79
23 67
56 69
88 72
31 31
58 21
84 16
93 28
13 11
3 67
8 35
41 91
75 28
88 47
76 2
68 89
30 65
43 36
92 12
63 78
66 23
79 81
88 32
64 51
96 86
26 94
36 13
57 35
84 95
5 53
8 3
70 58
93 54
3 27
58 94
79 46
28 25
31 2
90 3
61 54
0 9
93 96
3 43
79 71
56 80
51 44
4 75
36 96
12 26
65 37
96 77
35 67
74 11
36 22
77 86
63 71
69 42
8 15
53 6
4 97
27 49
25 2
16 83
33 51
59 7
99 60
19 52
56 98
47 50
99 14
98 43
86 67
45 77
58 2
79 31
0 57
22 38
20 91
42 50
0 41
63 96
17 37
27 70
22 11
34 89
51 61
9 69
78 55
72 7
10 93
18 15
36 52
92 8
33 16
0 19
55 37
57 65
9 30
71 69
70 20
75 39
89 18
31 41
67 13
17 29
84 25
59 42
32 60
59 60
