113
92 36
56 78
57 53
74 6
66 64
18 77
20 47
9 7
81 22
24 10
98 23
57 29
74 43
55 92
43 41
26 56
97 11
89 37
24 41
56 24
61 87
53 59
3 64
98 90
37 76
44 14
7 21
5 50
71 74
78 53
75 0
30 18
23 82
41 4
75 25
2 71
41 84
33 54
14 34
60 39
94 46
60 97
46 34
51 77
72 57
48 56
79 1
62 19
44 20
17 56
65 35
87 22
77 60
43 50
57 43
60 77
83 44
71 46
10 96
84 97
59 2
32 96
97 66
85 75
3 93
76 90
4 3
93 4
99 96
99 52
17 95
84 91
16 99
9 77
87 70
12 31
29 3
42 69
52 98
58 10
32 39
21 15
78 97
38 22
25 72
99 30
75 78
12 53
76 20
93 51
38 66
45 5
6 85
68 65
82 7
28 10
83 61
73 28
52 62
65 91
65 10
28 55
39 78
57 47
69 72
86 36
47 83
51 38
42 12
64 24
62 59
54 70
79 70
