119
41 55
24 38
30 47
58 6
72 59
63 96
29 1
63 33
34 26
95 31
27 94
3 82
61 69
21 7
52 97
64 6
28 22
38 7
61 60
6 68
5 8
87 55
95 91
88 73
90 12
17 81
1 34
76 40
43 41
68 82
76 20
77 97
46 91
71 0
82 80
21 57
20 98
15 37
55 54
51 0
51 28
38 60
6 56
94 45
13 9
42 16
81 16
56 71
71 50
8 25
67 8
21 17
86 90
35 53
37 39
27 8
94 82
27 29
6 96
35 82
62 38
79 34
7 50
25 71
42 69
98 17
90 51
64 86
48 20
10 67
7 9
86 65
32 97
85 9
10 82
45 84
98 39
67 23
1 49
70 99
56 51
45 41
43 0
2 91
28 67
10 32
77 95
83 70
31 86
69 65
65 30
57 6
23 49
61 78
19 1
9 36
7 71
52 54
60 96
84 40
62 15
12 18
16 89
22 35
77 64
39 16
53 83
56 35
78 49
29 53
50 48
68 62
15 74
76 11
29 36
70 89
28 13
72 69
42 45
