116
88 44
75 35
8 46
46 34
74 81
89 79
29 14
3 24
17 64
81 96
24 30
92 24
76 13
96 38
9 27
67 87
55 31
85 68
70 23
3 37
62 52
2 83
44 6
47 56
35 88
17 83
50 85
71 64
23 45
96 92
7 5
51 64
91 53
27 74
20 14
66 47
0 52
82 11
52 18
16 58
39 27
79 31
41 82
69 72
9 84
54 75
62 18
96 75
16 43
72 50
81 86
86 17
96 45
1 28
15 69
73 42
14 50
53 22
60 60
87 89
58 41
79 77
26 0
1 97
57 0
32 56
26 94
0 61
65 96
1 10
49 94
37 46
72 5
96 12
97 30
31 14
53 3
44 64
61 74
17 15
35 95
75 99
27 77
26 36
84 54
67 21
47 79
40 50
82 31
0 42
50 40
8 66
88 99
42 12
30 65
57 89
85 71
9 30
32 33
70 95
93 47
81 39
65 24
46 26
68 80
23 21
14 59
9 23
50 8
64 38
24 60
58 10
32 23
9 40
74 35
89 42
