118
25 19
71 44
2 14
97 94
32 87
12 31
82 13
76 62
35 44
78 83
62 65
62 9
15 76
18 50
55 32
97 75
79 31
32 25
28 85
64 45
74 79
64 54
27 62
37 72
3 91
64 89
48 82
30 4
95 7
1 41
7 77
60 73
40 3
99 65
70 95
6 97
65 24
10 8
69 3
7 28
24 5
82 63
13 49
36 39
92 35
56 57
24 92
58 96
78 42
84 7
89 81
36 51
4 70
76 22
89 13
53 64
25 41
62 81
33 16
18 89
49 71
28 47
41 99
48 17
90 51
91 96
54 2
50 37
99 40
98 2
1 59
96 21
68 10
14 1
49 96
99 56
28 68
1 9
34 30
16 17
0 84
51 23
0 23
4 45
77 78
70 27
55 40
80 47
64 95
35 99
45 79
13 68
87 65
9 97
91 21
93 4
83 84
4 38
10 94
31 78
10 54
63 13
23 33
53 43
66 50
68 94
34 93
54 93
61 59
23 83
10 17
40 77
6 44
69 80
64 33
70 58
73 34
83 76
