118
20 64
77 38
0 32
43 15
65 89
83 80
31 7
3 8
37 71
47 45
23 43
94 15
36 99
47 19
7 68
80 28
30 53
13 13
80 86
3 21
9 54
51 1
65 30
53 74
27 25
98 54
81 64
44 86
56 59
11 91
61 38
88 49
26 93
27 77
59 3
33 39
89 93
6 37
78 22
60 94
52 22
62 32
5 62
11 23
69 45
42 1
46 93
5 79
84 43
24 50
85 11
79 93
39 15
92 87
20 31
80 50
33 47
14 60
72 32
98 30
57 55
10 99
25 2
66 16
89 1
87 64
62 75
47 40
1 2
36 66
75 4
70 61
98 20
0 41
98 46
24 97
1 94
66 81
98 98
30 21
65 97
40 68
62 10
39 85
28 0
54 70
85 1
0 52
87 73
7 73
71 51
48 26
55 7
94 36
47 48
9 14
29 30
15 45
71 16
61 61
41 82
93 22
77 67
34 60
92 55
53 26
58 89
54 45
76 86
58 69
81 44
20 19
52 41
38 57
34 23
84 58
64 52
40 52
