109
67 20
52 64
88 40
30 56
46 39
94 24
15 23
50 94
36 77
8 59
79 59
18 69
56 5
61 75
23 84
67 45
92 72
42 43
25 53
19 29
5 54
96 14
55 50
54 25
42 91
15 98
76 6
84 98
30 12
2 91
75 73
6 40
79 36
95 82
29 31
97 2
48 67
33 94
8 19
89 54
39 78
73 46
68 15
18 90
85 35
85 86
55 35
97 72
1 23
64 64
16 53
73 53
33 41
7 96
38 99
42 58
85 22
47 77
86 72
25 91
57 67
16 87
0 77
70 92
9 0
44 14
71 87
22 8
99 28
97 56
94 98
38 27
56 93
14 73
98 42
1 13
26 14
68 24
82 10
42 7
51 20
2 33
96 7
33 56
61 10
79 66
94 87
32 78
38 6
71 38
56 40
48 56
11 34
15 14
93 42
31 26
25 74
32 45
53 10
40 73
84 62
11 93
47 29
74 44
17 18
63 25
16 77
63 20
40 52
