92
83 76
79 90
83 35
80 97
80 45
93 8
61 43
26 10
94 85
28 42
78 64
83 28
69 88
91 77
17 26
53 11
50 25
79 2
52 42
14 10
69 34
86 21
17 45
77 16
53 19
83 56
18 15
71 46
73 96
84 13
0 3
65 71
97 55
99 11
69 15
51 5
93 91
81 60
15 35
47 35
57 49
85 42
27 16
49 19
92 62
72 71
91 29
60 29
67 54
89 80
73 86
89 48
70 26
72 80
53 38
75 50
84 71
2 28
98 29
0 9
16 51
38 34
50 1
32 12
97 4
3 19
68 11
90 99
99 44
98 69
18 4
27 27
7 34
58 1
90 0
64 63
24 46
75 30
14 5
13 19
97 77
87 14
57 23
83 7
77 9
93 5
75 53
81 66
46 27
84 23
79 87
69 60
