99
99 1
87 90
91 50
33 39
2 3
14 54
54 31
96 78
13 76
49 6
12 13
63 0
43 96
67 37
28 65
80 6
20 92
53 43
17 17
25 36
82 59
45 24
40 1
3 54
23 50
75 30
9 67
7 3
45 40
15 43
58 59
3 99
31 22
90 34
65 88
71 69
52 77
66 51
29 77
32 8
74 19
59 25
90 54
75 51
81 38
6 21
84 17
24 85
62 83
37 16
31 33
72 60
2 10
26 46
41 56
46 70
81 82
95 34
38 90
50 99
78 99
64 9
64 97
93 20
94 92
37 76
38 56
75 0
78 74
23 66
35 97
52 57
44 73
67 42
80 88
51 21
60 2
62 67
77 16
93 13
46 7
15 78
26 25
75 54
69 28
61 44
71 94
60 10
29 92
41 21
57 92
90 27
55 52
23 55
87 53
66 23
42 67
45 31
76 44
