111
44 88
50 37
49 52
69 44
51 66
98 71
67 93
25 27
35 67
10 80
31 42
67 30
8 98
48 22
1 22
34 14
55 85
91 76
62 45
14 32
18 44
40 25
52 91
55 77
43 48
83 6
60 7
29 92
79 63
19 66
3 60
81 35
68 69
75 87
95 6
80 18
30 6
95 86
0 28
66 15
8 55
23 52
48 15
71 50
14 74
10 40
41 54
88 62
77 73
22 20
71 34
32 35
85 11
61 93
59 58
31 21
52 45
18 34
69 81
98 20
94 49
12 6
35 0
96 31
91 46
37 73
2 99
98 96
28 87
88 32
12 13
14 95
1 52
65 99
67 5
77 49
90 84
82 63
5 20
33 41
47 91
96 15
37 62
28 78
44 11
72 30
17 58
14 84
54 99
43 69
56 37
60 79
93 67
12 36
86 46
68 60
83 78
84 18
28 47
27 17
42 33
45 17
11 64
46 74
6 26
52 80
84 76
41 19
38 40
72 42
61 84
