116
44 37
9 17
73 81
17 5
56 40
36 88
29 60
89 41
71 11
30 14
86 72
16 96
68 61
78 96
3 64
64 52
43 49
69 2
6 22
30 88
83 78
44 75
9 79
8 46
93 27
93 59
26 46
17 31
44 11
92 97
69 34
16 73
12 51
30 70
38 24
2 7
68 77
78 46
2 36
62 10
22 86
59 35
95 73
59 57
38 35
4 39
31 74
86 92
14 27
36 13
71 49
32 48
41 63
89 65
17 12
24 67
12 83
82 87
60 96
93 4
45 99
79 24
58 72
89 2
54 21
53 86
47 3
75 63
64 95
45 54
24 31
86 40
1 71
15 55
76 8
84 26
17 97
31 3
70 25
96 88
42 96
57 81
46 23
58 66
72 67
52 7
96 30
99 66
29 23
69 6
35 93
56 28
88 49
40 51
57 46
10 65
18 51
70 22
72 83
72 39
47 71
15 87
38 5
31 37
24 72
26 53
16 35
61 61
40 39
31 84
83 38
46 18
70 58
19 59
16 43
19 82
