114
66 17
52 88
53 35
62 51
75 42
79 90
14 50
40 13
19 94
23 76
94 82
89 54
33 29
79 3
40 77
31 95
58 7
12 96
35 70
49 7
82 71
9 8
41 53
66 68
98 65
93 12
6 38
10 64
3 21
25 60
27 4
55 96
23 34
91 47
41 46
57 33
55 55
95 87
71 62
54 79
49 29
68 3
15 9
47 60
34 12
23 45
47 95
34 88
71 52
89 65
28 69
60 87
82 80
99 54
13 40
24 66
36 6
56 19
59 63
95 77
36 64
98 30
4 77
84 28
77 99
8 81
74 18
1 94
0 63
20 19
73 37
93 15
52 2
84 97
4 97
96 39
68 75
1 11
34 27
99 11
13 23
37 49
7 58
93 40
75 85
39 98
85 57
67 33
15 88
46 79
47 33
20 4
71 15
25 50
41 27
26 30
54 73
74 67
68 47
20 90
99 44
80 85
49 13
30 84
22 62
29 36
63 27
47 43
82 49
65 12
46 85
4 87
49 71
81 72
