99
25 14
16 26
7 13
76 20
16 78
4 57
1 2
21 83
29 4
28 19
12 95
96 30
55 4
51 90
26 63
68 93
2 20
75 27
11 53
17 68
11 20
20 9
94 76
90 8
88 46
50 66
98 58
78 59
55 23
61 42
64 67
26 97
96 12
2 65
52 98
67 39
15 1
59 51
73 83
88 77
61 26
90 26
18 50
92 60
64 12
96 1
73 64
16 97
99 42
59 76
30 74
82 22
7 75
14 26
60 96
56 12
84 55
83 72
15 88
81 32
12 61
22 74
19 22
80 4
0 84
74 97
50 83
27 50
70 6
0 28
2 96
98 73
84 86
99 37
99 57
83 41
69 63
67 96
29 87
66 81
70 47
1 90
28 29
66 6
57 67
12 99
85 7
27 10
79 88
74 45
26 93
9 61
91 20
67 33
65 89
86 49
81 15
21 16
22 89
