115
43 40
2 4
35 83
16 49
53 66
86 17
87 3
77 58
93 61
27 19
56 24
3 80
30 50
50 83
12 32
66 79
17 67
25 24
97 2
7 11
64 66
26 75
50 76
41 89
87 56
74 94
60 9
72 34
89 38
62 46
28 4
5 96
84 84
97 77
55 97
96 39
55 32
73 55
44 60
36 35
19 81
55 10
83 14
25 8
51 47
81 95
20 39
71 77
38 54
68 17
82 37
43 32
94 66
96 47
79 64
60 87
20 17
34 13
79 86
19 29
36 41
71 83
23 98
0 50
99 24
95 93
5 25
32 68
4 59
0 45
67 0
57 48
6 1
99 16
50 5
12 95
73 99
4 19
75 40
6 79
35 88
74 31
27 54
80 7
58 67
48 11
49 26
98 9
0 3
60 96
12 68
14 13
4 86
46 57
58 38
63 17
35 27
66 52
88 52
81 79
88 93
87 32
39 84
48 71
17 3
29 40
68 38
60 61
28 26
88 46
61 81
44 40
11 20
34 49
26 31
