112
92 60
44 3
67 85
2 85
7 40
37 38
91 29
74 20
53 45
70 58
67 5
97 78
22 73
84 91
96 25
13 87
52 11
97 56
39 48
5 6
24 27
83 48
82 76
51 81
97 10
47 98
37 72
4 62
46 61
59 67
1 26
70 92
60 44
21 64
27 84
51 21
85 9
0 95
97 41
79 75
66 30
76 43
96 71
3 19
10 73
26 44
63 58
43 31
8 98
30 60
54 91
52 67
56 37
43 51
92 56
19 93
82 66
45 70
46 41
32 12
83 0
0 55
99 89
12 36
99 4
25 99
19 21
76 20
37 87
70 6
17 50
30 1
1 9
53 1
93 26
77 34
33 19
70 95
53 99
77 61
1 47
4 24
88 89
56 83
67 9
27 77
23 59
81 6
9 82
22 41
37 19
83 42
99 20
38 56
12 68
9 33
68 49
64 99
70 35
92 35
45 93
43 9
75 67
35 70
14 90
61 58
82 24
31 45
86 56
28 68
86 32
24 54
