113
65 54
29 27
34 50
49 27
93 72
90 94
37 8
37 77
19 61
70 86
54 42
92 17
50 83
75 69
84 33
8 81
10 27
28 80
41 14
41 35
26 45
83 96
18 51
18 20
86 54
61 14
98 34
73 42
78 20
4 50
17 69
54 6
49 96
66 96
2 35
40 60
14 91
52 25
68 47
88 60
9 16
71 78
69 64
24 34
98 24
12 64
45 41
30 10
35 67
88 44
14 24
45 17
35 43
54 32
91 0
54 67
71 2
97 1
96 79
13 96
23 3
55 1
1 83
0 17
99 98
55 82
94 58
85 13
69 17
11 47
21 93
51 51
77 34
51 4
85 88
23 79
46 89
47 66
13 10
37 2
84 69
3 43
98 54
81 27
26 63
4 75
63 90
78 6
91 86
23 11
19 38
53 73
40 84
93 10
63 0
72 72
30 48
18 77
43 21
25 25
5 55
29 3
74 58
77 42
77 88
91 27
59 76
36 50
55 12
16 88
60 80
79 78
32 34
