110
4 65
51 52
30 52
89 97
29 95
34 43
1 93
16 35
55 16
45 92
52 0
31 15
90 32
64 76
76 85
5 47
92 46
45 32
78 71
58 25
27 24
44 42
36 77
76 22
66 43
89 14
59 95
95 61
4 13
16 5
19 61
94 78
70 57
45 2
97 92
75 28
61 68
97 6
9 32
51 57
21 93
34 11
31 69
94 36
60 88
16 69
62 36
46 84
0 54
88 59
6 3
98 21
25 83
14 39
16 25
81 81
51 25
52 84
37 31
9 46
73 7
15 98
11 80
2 28
0 96
30 1
60 1
75 96
78 43
74 0
97 70
80 57
91 99
87 9
1 63
65 53
35 61
61 15
99 44
75 43
65 95
57 67
80 22
20 11
22 67
6 94
45 17
35 1
98 30
77 87
75 67
24 47
32 80
60 30
26 30
18 85
99 56
62 81
5 66
92 72
59 44
44 26
84 54
74 37
65 60
51 41
28 61
64 81
8 61
26 76
