88
95 35
94 2
28 17
95 28
38 26
26 95
66 26
28 4
58 93
27 59
55 73
93 73
96 45
84 37
36 2
28 10
11 52
54 0
86 2
29 83
58 27
86 70
94 55
97 22
50 26
83 26
15 85
29 38
73 84
75 14
0 75
50 93
37 83
12 92
17 36
27 52
25 73
84 55
82 16
57 37
94 8
15 60
64 84
94 66
9 82
47 85
86 49
61 28
2 10
47 55
87 98
6 26
60 13
72 96
49 40
3 33
93 95
72 58
25 98
0 57
63 70
74 38
46 54
18 27
60 1
18 6
5 95
29 44
27 68
53 98
0 81
12 44
37 19
98 36
14 74
44 85
79 7
31 0
19 98
65 90
15 51
29 87
94 17
40 92
90 23
27 84
58 84
16 43
