118
31 61
38 6
66 28
39 71
1 40
40 88
21 41
62 63
78 48
40 35
6 1
61 10
88 4
45 43
47 11
74 26
50 62
27 54
19 36
34 77
55 73
14 61
94 25
96 55
10 87
72 79
92 72
93 95
14 15
69 97
26 91
88 38
45 21
3 87
5 69
66 57
5 41
96 78
80 22
42 50
11 54
79 78
45 28
25 30
82 96
86 53
93 35
53 43
21 67
63 21
70 87
42 80
18 51
81 34
57 25
30 68
20 52
5 26
55 89
23 4
97 21
81 63
88 9
44 98
1 7
16 81
82 6
58 78
74 45
69 12
32 4
2 92
58 95
99 64
11 21
36 21
47 2
96 3
99 47
48 57
17 95
2 34
82 77
52 4
72 62
34 53
1 52
9 6
2 83
73 41
45 88
7 61
50 25
23 76
67 81
97 11
54 58
43 42
91 24
80 13
38 82
11 28
39 15
72 51
35 63
94 65
49 29
58 69
12 93
34 49
71 21
62 89
7 46
88 43
90 19
36 55
10 38
28 59
