105
57 25
82 64
13 36
93 36
54 94
42 56
52 33
78 29
4 12
61 55
67 83
31 91
34 32
92 76
4 66
10 52
76 49
51 66
76 71
95 85
53 88
7 23
54 47
59 68
34 11
97 51
28 53
89 18
44 0
68 14
43 78
81 87
18 34
0 51
8 76
25 96
23 65
31 16
96 93
0 29
92 10
9 66
20 38
49 39
16 52
42 64
38 3
92 25
93 45
76 37
74 89
75 57
33 84
44 45
42 24
14 25
8 38
88 86
11 42
0 97
18 8
53 11
68 6
29 70
11 92
82 4
71 97
17 78
75 22
58 53
52 97
15 95
62 33
99 32
15 11
87 71
73 15
4 70
66 98
37 85
87 49
70 77
86 99
44 72
1 17
73 63
57 83
27 31
24 56
26 12
59 16
98 46
68 49
44 7
47 38
56 98
87 72
75 19
58 61
18 73
28 59
77 10
46 50
58 89
84 79
