114
87 6
93 28
2 83
96 13
26 65
64 83
32 95
12 48
57 69
28 14
58 10
36 77
44 16
94 71
56 30
80 22
95 42
42 55
69 4
71 26
19 45
36 7
76 10
82 29
16 92
3 11
1 37
63 55
67 97
46 92
81 45
97 56
30 30
18 4
85 83
8 73
79 73
62 38
51 72
56 54
76 97
27 57
59 98
80 54
4 20
56 34
35 72
61 2
9 89
69 69
12 55
97 50
43 84
78 91
93 36
84 62
69 79
59 59
82 17
43 66
50 81
39 41
99 86
9 24
43 21
33 99
16 76
34 0
12 0
43 41
59 16
0 40
76 43
1 90
97 18
93 93
45 2
5 62
26 49
90 5
13 21
29 22
24 88
52 0
8 97
18 70
45 58
2 72
69 42
76 1
24 37
61 91
58 20
58 52
40 35
4 51
41 51
31 80
28 64
70 60
43 12
10 38
63 73
63 36
73 15
86 53
73 83
37 14
92 21
33 49
52 15
30 75
61 30
55 24
