112
34 42
92 90
9 71
13 90
47 91
46 61
87 23
0 48
62 66
69 47
72 26
89 51
72 91
52 37
36 77
54 85
41 95
68 75
70 33
26 79
18 98
44 37
71 56
80 43
20 4
60 99
28 64
84 71
34 9
61 16
2 22
13 54
88 5
15 32
90 57
2 65
47 51
4 85
48 19
29 35
30 15
58 80
79 86
18 91
69 19
87 42
17 59
41 58
36 40
87 81
35 83
82 57
26 8
67 56
13 44
52 96
56 55
28 84
11 80
43 86
3 6
72 0
50 3
16 18
99 72
1 99
91 26
95 93
1 31
88 8
70 5
6 3
81 99
31 56
93 36
17 24
99 89
44 72
34 20
96 12
6 70
71 99
93 72
3 92
28 42
3 10
27 59
42 27
71 77
73 26
82 13
88 98
46 54
56 64
4 55
32 63
40 13
9 19
18 74
82 37
57 78
2 80
76 75
74 50
12 16
29 70
94 82
36 30
77 84
52 85
27 55
41 51
