105
70 3
66 91
16 44
96 37
84 48
60 40
90 5
68 71
24 23
30 95
33 54
97 62
75 24
89 90
50 86
48 58
15 38
87 32
96 15
66 18
82 86
32 45
67 62
10 48
81 11
38 91
69 80
2 11
83 70
39 71
42 18
11 98
13 70
38 3
19 9
5 62
10 91
66 38
49 26
54 79
30 73
97 86
2 48
67 88
80 32
79 98
80 63
52 37
76 6
95 7
22 88
34 63
3 36
17 32
19 96
90 16
62 76
51 5
97 56
15 1
4 77
57 99
61 16
31 30
98 78
62 55
46 44
4 26
16 69
3 97
81 51
22 0
91 99
99 23
52 94
46 72
36 87
83 77
33 19
4 53
56 13
55 61
8 4
67 46
45 33
91 52
75 46
47 10
80 68
54 29
32 88
38 56
18 81
75 22
50 47
72 6
75 93
87 38
97 9
91 83
69 29
62 65
64 45
41 60
52 20
