105
38 67
50 39
92 92
96 5
31 20
54 70
46 73
24 96
35 87
79 85
36 46
51 19
84 31
67 23
93 64
60 6
9 60
74 55
95 10
96 90
26 73
39 93
81 97
31 81
45 63
25 57
2 39
95 49
16 21
25 4
55 96
66 39
41 2
81 11
68 68
52 24
16 91
74 81
54 48
58 85
29 42
2 54
15 73
94 20
9 9
96 55
46 20
73 15
94 38
76 67
13 33
67 88
48 81
89 4
29 60
47 15
82 93
87 98
88 21
46 52
41 10
1 93
26 3
69 1
80 41
90 68
3 22
7 95
8 41
34 31
69 99
80 56
17 77
98 84
99 32
33 45
24 21
66 19
7 55
16 84
68 64
77 30
75 6
98 63
44 87
83 70
6 32
16 55
31 94
48 29
33 6
58 70
88 53
90 83
94 17
33 78
68 74
22 49
26 11
90 51
37 50
77 96
39 86
21 86
84 64
