108
39 58
11 2
61 95
66 13
58 22
55 58
93 23
23 30
91 81
49 6
35 94
21 69
47 31
35 44
74 68
61 38
7 97
14 43
8 30
43 8
36 86
67 70
13 85
53 15
74 28
20 15
78 93
89 48
95 65
29 4
21 98
6 16
36 66
96 34
57 95
17 55
81 67
68 41
3 99
42 80
29 46
65 7
46 45
0 39
40 66
2 21
61 84
79 34
21 86
34 11
21 23
54 44
5 84
24 62
79 55
75 79
9 37
49 54
30 87
56 32
44 16
35 52
35 74
84 3
2 59
98 9
95 86
14 2
99 51
87 0
80 14
41 31
97 29
47 0
21 70
50 74
67 3
3 52
51 94
56 59
9 78
72 26
85 90
38 25
68 82
85 68
92 6
36 99
20 47
70 57
99 38
22 63
20 7
80 20
53 89
28 44
66 21
69 87
73 4
89 38
46 72
44 23
52 40
32 38
59 6
39 88
25 67
31 70
