115
66 42
83 78
30 23
40 62
24 64
3 11
88 16
28 96
40 43
72 90
44 14
76 31
73 55
75 71
24 28
31 85
9 31
99 6
65 17
93 38
57 92
63 3
4 60
12 93
42 97
94 54
94 69
46 83
34 3
25 44
17 12
47 39
61 37
7 43
57 51
54 2
71 96
38 67
80 15
97 77
60 22
58 78
70 69
16 88
85 5
92 47
37 52
41 35
75 38
77 93
15 66
95 15
33 17
43 4
67 50
84 32
13 24
46 69
72 4
32 66
84 55
29 75
63 89
50 67
20 21
5 77
94 91
20 4
22 42
2 15
1 61
0 42
0 1
27 99
51 53
97 22
49 21
18 59
10 75
82 78
27 1
46 28
94 30
61 66
60 99
58 37
24 39
79 36
88 56
67 9
95 72
14 97
86 86
7 15
8 57
32 31
65 83
25 60
39 11
54 71
41 53
69 64
30 26
64 36
14 38
77 45
39 77
87 20
44 25
89 75
54 35
25 10
83 40
69 46
68 36
