111
84 73
61 55
92 33
37 94
42 35
42 25
3 22
6 6
41 70
41 50
19 42
5 93
68 69
76 35
24 86
61 74
36 21
94 68
46 94
32 27
96 50
78 17
57 7
91 7
69 88
5 43
91 92
82 51
30 6
27 69
37 56
6 99
79 3
66 37
65 93
9 85
98 9
51 91
22 94
25 40
83 89
68 52
7 50
69 73
30 54
52 71
49 30
96 59
41 15
71 9
79 27
38 85
78 86
34 86
85 4
58 46
32 35
88 85
58 88
34 49
33 79
85 12
15 94
6 71
19 20
1 37
1 67
20 65
55 7
81 58
94 23
40 1
56 23
16 16
99 94
99 3
45 68
93 40
99 66
1 57
70 99
15 30
11 77
82 49
51 53
58 29
90 99
64 6
77 72
95 64
44 99
50 10
48 36
33 21
84 20
67 23
55 79
68 47
23 49
82 43
60 99
29 96
72 87
33 14
43 60
70 59
77 12
29 41
36 12
40 35
63 83
