112
12 10
18 31
21 42
97 36
7 71
80 18
40 28
80 35
28 58
81 72
26 85
47 45
59 35
61 20
95 67
18 6
33 83
33 23
80 9
74 61
27 51
66 32
96 50
57 84
97 7
2 21
49 68
92 87
63 4
75 85
4 97
3 86
56 87
97 89
25 3
30 69
53 18
83 39
64 75
48 54
39 84
10 28
3 76
3 11
24 34
20 79
88 48
50 39
89 1
65 10
17 47
95 75
90 16
71 80
22 10
32 32
75 15
94 60
56 26
73 26
41 2
62 49
3 48
39 96
79 96
96 21
9 61
48 4
68 54
38 69
82 49
97 97
80 1
33 50
97 30
8 34
12 91
14 66
26 19
70 94
31 97
99 81
45 73
63 58
75 0
85 73
23 65
33 5
42 54
64 40
12 46
62 77
17 3
89 24
47 46
6 19
25 79
19 25
84 58
41 38
13 55
55 12
90 34
75 41
79 25
22 71
27 57
13 25
93 66
70 85
76 10
37 64
