109
71 94
34 31
10 48
32 38
71 61
54 95
3 96
65 5
6 5
74 17
96 22
73 79
21 4
33 91
19 22
49 51
5 73
81 35
43 7
18 42
46 41
78 48
63 55
7 17
39 47
28 67
67 31
92 2
96 80
4 32
49 70
88 64
97 94
35 76
27 6
63 74
51 35
90 37
15 59
10 83
81 20
60 18
73 3
53 75
84 53
67 79
5 25
89 75
28 24
8 10
41 66
19 49
71 90
55 43
77 67
18 69
90 44
75 29
40 32
14 22
19 98
99 55
96 96
56 93
1 63
99 26
37 99
55 18
21 83
17 97
35 2
3 3
77 99
94 9
81 0
37 16
64 60
70 45
36 85
62 3
18 36
39 57
23 21
97 30
65 40
34 71
47 94
8 89
7 1
57 68
35 9
58 25
19 44
77 77
27 84
55 52
42 26
78 63
64 93
0 14
36 40
20 28
23 91
13 43
55 61
63 14
64 84
11 29
15 14
