105
50 50
46 88
15 75
64 75
74 54
27 61
39 13
89 66
13 45
93 92
16 10
16 25
54 8
49 27
87 31
4 2
27 87
95 8
11 78
49 94
4 48
64 6
33 3
65 82
77 41
45 20
35 42
63 43
15 97
66 25
44 65
78 73
74 87
97 73
88 25
57 56
77 9
34 28
42 81
2 13
60 67
10 83
59 81
7 56
85 56
20 38
49 38
40 96
21 67
83 11
34 36
63 19
23 52
86 91
81 24
13 90
66 17
56 75
30 48
23 77
65 64
53 23
17 82
63 96
94 48
18 1
7 28
63 40
99 23
34 6
79 94
98 66
36 67
25 24
57 98
80 78
97 37
19 99
15 7
43 57
5 95
25 17
91 45
41 1
73 30
13 60
75 46
48 99
58 8
7 11
81 16
53 33
44 46
79 68
43 17
61 78
66 54
11 69
29 19
14 15
50 13
73 26
75 76
63 89
72 12
