112
12 47
41 79
51 27
24 73
5 37
74 78
29 7
79 6
62 6
65 65
90 55
4 81
50 68
59 51
35 92
44 3
70 33
20 34
43 23
90 5
19 48
70 13
61 27
40 70
20 91
60 85
15 14
84 27
99 29
38 55
87 84
96 95
4 97
76 46
23 56
28 23
4 55
52 51
77 64
10 81
11 3
96 59
74 91
63 37
39 3
89 32
33 50
76 12
68 51
29 34
59 78
41 85
24 79
4 7
49 54
69 19
94 19
4 46
44 75
71 3
29 87
74 26
46 65
43 39
57 99
99 99
89 81
5 66
95 3
42 99
72 96
96 68
13 21
82 98
93 50
22 64
48 20
3 64
31 15
2 93
82 41
88 98
91 74
25 98
21 59
36 39
59 11
56 32
11 79
45 17
49 94
91 26
86 41
68 82
97 76
25 12
33 54
14 36
55 76
82 47
0 75
60 57
89 89
91 69
36 63
48 41
64 20
87 19
13 92
35 26
82 94
25 61
