111
97 3
91 92
9 96
51 74
11 4
50 9
24 11
10 78
86 73
3 57
28 40
61 46
5 42
83 14
72 59
41 87
83 91
46 63
56 78
91 76
23 52
80 7
75 51
22 29
13 88
13 13
30 68
27 86
37 18
36 2
93 30
69 28
46 30
96 51
39 50
69 68
50 25
65 18
67 84
27 97
6 60
79 45
85 28
50 91
0 14
52 35
27 78
15 34
31 26
26 6
58 13
86 63
11 93
97 82
4 78
33 56
87 9
61 70
69 11
91 19
53 83
62 99
0 21
54 49
4 0
98 36
77 97
70 83
35 41
35 2
89 47
21 67
20 48
57 1
45 66
74 37
7 74
15 31
99 22
17 53
61 64
33 95
24 83
95 75
70 22
47 11
47 52
34 73
85 90
88 33
21 27
36 33
17 12
61 53
71 75
1 89
91 69
55 27
41 80
13 45
94 43
40 9
40 27
79 33
50 41
81 13
27 22
28 86
60 81
92 84
51 19
