104
71 41
11 11
85 67
20 56
42 17
17 43
30 10
5 61
86 38
14 97
22 80
41 39
71 58
43 81
65 75
66 9
45 67
23 27
6 15
10 29
19 62
48 49
24 47
10 51
92 95
97 55
7 76
89 10
43 96
64 93
79 0
55 35
53 21
68 41
3 30
23 96
8 81
52 85
73 13
74 76
79 54
93 34
96 82
62 61
15 4
12 97
40 75
40 51
32 32
50 63
59 77
4 57
94 41
55 45
71 1
30 60
19 41
66 34
79 42
66 83
91 51
44 29
13 55
49 3
78 99
86 19
99 9
99 26
57 20
61 98
23 77
99 98
81 90
76 22
1 90
82 75
54 49
30 90
3 45
41 9
36 67
71 61
91 62
38 25
40 46
79 76
56 63
92 90
17 83
18 31
85 29
36 60
83 50
11 69
59 83
52 66
34 43
78 7
31 75
9 36
67 65
69 46
49 39
44 61
