108
62 56
93 41
30 58
75 37
10 73
56 69
64 67
94 76
41 24
37 71
95 90
31 34
22 45
94 10
2 19
25 13
64 49
75 24
35 63
64 78
61 44
46 67
2 3
47 50
48 7
1 51
73 95
44 92
78 64
57 18
17 96
95 55
19 26
94 27
16 45
89 95
30 1
87 2
4 66
51 31
90 74
76 87
58 83
82 61
26 91
12 19
64 22
37 29
93 44
4 40
17 49
32 48
43 75
10 27
78 93
88 31
55 25
62 60
85 54
64 87
27 22
23 55
45 25
67 4
5 98
51 96
35 0
19 0
28 84
77 14
43 98
11 67
43 10
21 82
11 0
6 33
41 49
73 4
29 68
80 22
41 76
75 68
79 54
59 8
87 6
80 82
47 41
14 87
41 91
97 37
69 92
50 64
59 32
5 47
71 20
23 36
41 20
12 25
87 11
50 69
55 55
26 52
40 28
71 64
56 77
13 35
41 58
42 66
