111
92 18
45 58
4 7
86 17
4 59
21 31
71 45
73 70
18 98
55 97
41 15
40 36
31 59
91 36
25 16
38 95
12 73
84 95
17 40
53 53
2 47
46 90
28 27
38 65
52 64
46 46
38 58
96 85
55 18
52 1
69 23
68 89
83 56
34 79
58 35
39 9
12 1
81 9
18 69
51 81
93 76
0 65
22 12
96 44
72 39
75 79
42 24
44 81
74 88
16 25
60 87
22 22
47 85
33 14
3 86
0 31
67 3
97 4
98 92
58 68
23 84
20 45
87 61
32 95
1 99
2 16
83 0
97 51
28 44
79 26
96 36
17 89
72 55
82 98
29 78
7 51
99 11
7 78
18 3
55 15
77 38
65 73
90 59
49 31
95 29
61 39
14 64
22 45
35 30
87 81
59 72
10 96
38 73
76 19
76 64
31 56
92 45
49 5
46 96
78 49
92 13
11 19
14 38
26 75
84 65
47 21
27 30
31 90
59 90
52 69
30 16
