108
68 64
86 23
1 78
32 95
97 16
4 16
34 52
52 86
54 37
78 47
52 20
10 51
78 2
54 4
9 97
66 22
30 72
54 76
76 9
65 62
32 64
51 29
94 22
68 54
77 58
11 29
84 91
95 43
20 84
1 63
71 84
31 11
6 10
29 43
61 7
38 93
19 55
2 48
34 78
93 8
45 58
69 35
12 80
87 30
59 53
75 91
60 91
84 54
46 25
68 77
38 40
13 87
44 44
19 48
38 60
26 81
60 76
4 88
29 86
99 66
25 26
97 97
98 75
25 2
11 3
98 1
98 39
72 99
82 68
16 70
0 39
92 96
34 8
63 39
9 66
51 71
72 20
57 5
63 99
10 24
45 89
86 83
40 30
83 51
91 38
21 34
21 14
63 2
46 94
17 94
48 63
80 26
52 11
5 59
25 48
11 95
65 34
67 68
78 77
48 10
84 12
60 24
96 25
59 84
81 17
21 74
24 88
62 70
