108
21 34
5 36
35 37
70 14
60 55
71 74
47 2
52 77
30 58
76 90
33 11
18 2
45 27
34 78
62 33
71 57
16 11
36 51
47 85
23 45
31 29
62 80
70 25
86 7
91 53
14 70
89 84
12 54
1 7
43 99
78 37
90 28
17 91
99 66
85 3
39 70
57 41
65 6
17 26
86 74
7 79
8 42
75 47
55 91
75 18
59 47
37 73
61 25
49 65
70 66
4 25
35 28
54 26
9 47
93 76
22 79
38 22
79 82
77 3
55 84
49 53
40 79
81 13
66 84
0 63
99 0
88 98
93 35
3 81
47 9
71 98
61 1
89 49
98 21
37 42
84 64
57 97
91 90
79 39
95 14
9 5
36 6
6 58
80 99
22 40
1 40
51 60
0 74
43 96
21 55
66 60
31 85
46 17
45 38
94 60
76 29
21 31
20 57
66 75
89 17
49 42
63 45
43 64
40 91
80 70
68 30
48 71
18 40
