113
28 51
93 1
21 22
13 35
8 44
31 32
58 16
38 87
95 45
40 64
61 90
67 42
81 28
53 74
47 32
26 84
67 94
15 10
58 46
38 57
45 78
50 22
4 82
25 98
5 0
41 3
56 60
90 17
14 66
92 68
95 87
76 76
21 80
85 34
7 17
50 47
38 9
50 97
60 76
4 90
11 3
9 40
29 24
13 55
30 54
90 56
28 75
48 6
39 35
50 79
58 65
57 99
24 12
14 25
22 69
25 93
56 55
35 79
28 34
47 87
39 29
80 7
67 1
81 97
67 26
77 65
1 72
11 97
97 83
2 17
98 97
98 30
81 12
77 92
3 45
95 7
92 83
98 53
70 59
64 23
55 0
73 40
35 99
97 63
84 26
82 69
41 43
27 9
82 0
94 45
8 68
54 36
23 50
68 18
55 62
6 53
93 79
18 85
93 3
54 32
60 81
14 31
13 93
9 9
83 18
39 92
31 68
65 52
33 48
62 32
31 34
24 61
35 82
