111
27 96
19 77
12 50
40 90
80 0
91 57
87 24
3 50
83 81
51 38
95 97
59 59
65 82
11 11
18 63
39 68
70 14
94 48
90 7
93 74
93 16
75 76
19 55
9 45
24 21
49 14
72 36
1 84
75 93
26 42
7 28
28 6
49 46
91 40
56 9
37 36
45 76
9 4
67 28
15 86
32 69
97 2
23 28
46 90
0 58
46 65
90 65
56 53
56 13
67 73
5 13
10 80
15 40
9 64
36 52
43 1
61 99
30 7
2 32
72 0
41 27
80 96
11 95
96 88
1 80
88 31
54 97
32 88
36 22
69 21
79 65
52 75
63 85
0 66
64 49
99 69
26 51
22 70
40 47
76 8
87 61
7 30
94 24
19 94
42 18
34 6
95 10
16 3
34 98
80 38
19 17
70 7
86 51
51 43
39 83
50 3
43 60
16 80
67 90
4 62
35 40
10 20
24 60
21 29
23 46
78 26
25 86
34 14
10 78
73 79
7 53
