113
65 64
96 80
58 36
91 43
6 87
24 24
73 24
21 82
16 39
39 34
67 86
11 63
39 82
30 5
75 49
87 97
51 31
78 38
75 63
41 62
15 5
36 99
43 48
94 11
52 90
1 73
22 53
61 50
10 26
24 51
93 34
88 19
39 6
72 16
87 57
28 95
66 80
68 96
49 63
10 42
1 94
56 22
22 68
5 65
69 50
75 32
24 81
24 29
18 14
78 95
82 8
60 93
54 39
22 62
16 36
12 52
24 40
69 38
69 1
81 81
1 2
41 20
98 83
0 37
3 17
47 5
18 98
99 30
89 66
96 97
61 7
83 2
73 67
46 86
7 80
90 52
43 68
19 0
60 73
37 35
3 51
0 31
86 75
52 92
76 2
9 97
63 79
35 62
99 37
48 22
9 18
47 53
53 37
5 57
67 48
46 95
21 86
80 28
10 4
32 17
30 31
8 88
82 19
76 46
18 22
40 54
24 44
57 34
6 33
83 46
72 77
18 57
58 49
