114
48 48
18 97
82 98
82 40
39 12
51 97
74 62
17 68
80 84
91 22
45 34
6 6
69 0
83 6
67 32
39 89
33 20
51 18
78 70
2 8
82 23
51 83
29 11
38 28
89 60
27 44
66 97
96 74
28 77
34 57
14 22
60 64
6 69
96 55
6 97
73 52
58 46
56 4
23 33
61 18
38 65
76 20
23 79
48 69
35 88
40 36
53 91
37 0
90 68
30 43
72 27
74 10
71 74
25 71
50 41
94 65
29 31
8 44
99 92
98 7
0 82
85 43
16 53
22 96
3 64
20 9
99 21
95 91
51 2
65 99
0 19
90 3
16 83
0 1
64 72
82 84
74 56
4 91
17 59
68 94
47 16
42 72
93 49
54 20
96 7
92 30
62 33
29 1
81 88
58 84
34 51
41 3
68 51
48 59
12 10
9 81
68 12
99 10
76 70
44 41
87 29
95 84
73 84
28 21
89 58
82 15
74 41
99 68
54 35
59 14
78 46
49 10
82 64
92 13
