107
21 59
84 63
78 49
20 53
70 6
96 50
41 49
87 35
43 74
12 81
24 96
65 55
22 8
67 35
40 34
76 76
94 76
59 58
28 65
47 45
13 64
67 67
17 30
71 97
56 10
90 96
42 6
3 45
2 91
57 87
90 18
19 11
71 82
75 3
14 99
19 35
45 79
36 98
17 80
7 61
33 47
76 17
77 45
61 14
83 94
22 2
31 70
32 30
34 52
61 87
14 20
6 96
49 69
7 42
28 13
70 62
50 50
81 51
38 86
75 10
60 4
24 50
7 29
66 47
21 64
27 25
68 10
1 1
51 25
97 15
94 36
53 99
96 83
4 10
54 29
3 75
99 46
96 31
79 27
89 70
42 17
5 59
64 39
31 82
52 92
3 33
56 66
52 2
60 80
3 82
92 50
84 21
35 19
65 24
46 78
22 32
86 77
78 34
57 96
41 59
66 81
77 65
12 75
93 26
24 73
36 77
73 54
