164
32 97
96 61
32 39
62 64
78 50
1 16
54 82
10 51
75 7
53 35
90 30
85 84
14 23
47 97
54 8
33 76
79 65
30 54
30 28
94 55
22 42
98 28
88 40
17 47
74 70
5 14
89 70
48 87
30 37
16 84
1 78
6 37
64 24
98 92
49 50
30 12
14 2
94 0
48 21
7 65
47 69
99 14
66 93
39 1
81 98
64 45
2 93
74 35
0 0
77 0
31 69
64 49
17 65
22 99
61 0
80 83
98 98
80 14
98 76
26 12
0 39
62 79
48 65
30 83
16 80
50 36
42 20
92 1
64 25
0 38
74 99
95 44
7 91
0 69
78 54
40 6
16 5
89 15
42 50
1 54
39 98
34 62
58 99
0 20
79 29
75 14
34 0
6 56
95 84
23 28
98 47
62 7
70 77
0 86
64 58
11 0
24 52
89 98
48 6
56 80
21 84
38 34
82 34
11 28
70 93
94 23
96 5
90 63
57 50
47 79
56 22
54 65
22 9
70 42
26 68
0 10
42 93
34 19
16 32
96 32
50 16
39 40
42 65
25 93
70 21
47 1
0 31
70 84
75 49
32 5
89 19
65 35
15 56
10 21
38 76
87 89
6 86
56 92
49 30
65 68
91 56
48 45
34 51
10 42
41 16
6 6
8 76
23 36
56 57
87 37
80 94
64 17
22 79
23 64
25 19
25 2
66 82
40 71
56 29
55 43
81 43
16 14
58 68
25 54
