113
47 79
92 86
61 95
76 73
73 32
33 69
68 4
41 5
31 98
26 38
77 55
89 24
7 48
44 47
47 94
19 63
3 33
85 69
93 29
69 70
59 13
49 71
32 39
17 31
88 44
17 92
83 6
9 78
15 9
62 54
78 94
2 65
31 83
33 61
8 18
65 32
32 7
62 87
75 97
48 53
22 23
50 18
84 60
71 48
24 84
93 77
81 21
7 6
86 99
63 79
69 38
89 10
37 61
87 52
16 39
70 66
76 41
46 62
41 75
98 61
97 11
10 97
54 35
30 23
1 51
27 1
70 0
67 18
22 52
99 60
5 23
98 95
12 4
50 28
41 95
58 54
2 74
54 11
88 84
25 98
97 22
27 17
40 0
36 33
56 97
54 36
18 53
91 35
2 41
70 99
14 82
8 27
56 92
98 88
28 1
35 43
71 81
67 23
11 66
94 50
82 58
24 72
39 82
15 47
49 42
87 77
62 7
47 67
84 72
43 57
10 33
14 57
64 27
