106
83 34
52 32
23 42
64 21
33 96
16 19
72 63
22 95
94 24
35 61
57 48
67 78
23 6
11 68
84 93
44 9
90 47
46 62
67 58
13 28
48 47
92 97
39 98
55 76
92 31
35 88
56 41
5 52
56 91
97 62
71 42
24 75
19 56
83 74
32 22
97 47
44 0
99 96
1 26
23 80
83 64
4 64
88 18
74 26
31 61
97 86
20 37
61 65
98 42
27 56
14 74
33 8
10 20
67 29
21 89
11 48
90 91
65 56
74 71
86 42
9 64
18 68
68 2
7 90
4 7
89 3
36 36
46 25
2 0
1 80
48 77
65 96
62 15
58 1
69 92
2 86
95 72
26 21
92 7
29 1
34 33
57 15
2 17
82 51
40 90
78 88
5 85
31 79
25 7
0 58
6 38
69 40
34 52
53 48
96 16
99 48
49 9
54 70
72 20
10 12
19 51
60 29
58 62
32 64
76 41
62 48
