113
69 91
57 49
11 59
19 47
23 80
68 66
10 71
84 78
3 93
63 4
77 20
47 81
40 53
81 3
63 33
27 13
94 91
43 6
21 89
89 68
69 76
42 61
43 18
78 34
90 47
41 38
32 99
4 11
97 26
0 84
18 41
85 1
53 75
34 74
20 14
94 40
83 96
48 33
18 96
67 18
29 25
11 3
66 60
61 88
95 69
3 63
89 11
30 49
41 33
78 79
32 4
29 77
13 18
83 42
15 47
87 91
27 84
58 78
78 88
31 36
46 98
3 28
82 60
92 25
22 63
72 47
4 44
56 50
99 58
63 26
13 75
2 59
51 95
96 89
29 3
6 97
77 29
42 84
97 50
95 18
27 19
86 6
18 1
80 63
6 88
37 67
60 99
68 40
17 29
52 61
44 42
6 36
80 48
3 78
36 90
90 76
58 43
28 66
81 15
6 53
90 42
33 46
61 72
19 82
29 10
14 67
84 56
41 50
65 51
28 59
83 34
51 43
23 90
