106
79 90
39 68
0 91
28 30
75 66
46 29
27 94
65 42
63 22
63 94
19 15
86 39
31 7
97 9
96 80
52 49
61 65
40 85
38 55
65 88
30 40
34 63
52 63
20 64
86 55
13 46
16 85
75 6
42 99
48 11
6 21
5 68
89 7
73 47
5 98
92 73
14 38
3 47
97 88
61 17
32 22
12 77
59 73
45 90
41 11
18 29
94 1
93 17
22 3
60 32
26 84
66 45
15 12
41 46
23 35
42 19
35 75
17 93
78 24
79 94
96 96
97 24
95 50
18 62
53 3
85 37
74 76
97 64
78 20
54 79
4 12
29 2
52 32
80 60
68 8
57 81
95 57
3 41
59 50
82 83
25 65
97 72
52 95
33 81
17 52
12 83
79 52
36 26
78 82
66 37
16 22
34 59
52 56
19 69
31 89
46 72
54 18
83 88
71 40
87 45
34 17
68 80
72 56
26 75
89 63
22 25
