107
75 59
83 25
25 96
3 20
89 12
47 45
42 88
56 18
47 67
64 89
98 80
4 65
87 71
39 10
3 97
78 97
61 38
65 2
38 41
71 56
34 82
44 3
9 44
12 80
3 2
21 35
28 54
98 47
65 75
95 33
15 65
74 18
96 6
42 94
46 53
83 78
31 14
29 74
64 35
61 55
14 51
8 26
53 67
44 20
73 8
73 23
2 51
85 62
98 16
69 83
86 34
47 36
20 72
42 58
90 82
71 48
55 73
16 33
58 27
61 61
11 71
78 69
52 48
17 9
95 99
30 29
17 99
56 89
22 14
86 0
10 94
74 45
22 52
58 11
40 3
71 0
0 69
82 92
33 43
35 59
34 26
79 44
6 85
88 20
12 24
27 85
97 75
60 16
72 90
89 20
72 75
68 31
71 17
20 79
18 44
35 91
85 84
75 52
38 44
57 55
23 28
65 41
65 83
36 45
63 41
24 45
77 83
