111
70 71
12 86
80 52
92 83
43 2
73 83
39 50
22 42
72 25
2 25
86 34
42 66
36 90
63 7
90 24
33 53
49 12
89 93
66 86
13 47
81 81
79 42
68 77
53 53
21 69
52 87
84 9
65 38
96 60
10 4
22 20
2 96
38 84
81 57
53 77
4 46
26 76
69 21
39 98
68 3
54 22
1 4
37 3
14 33
58 63
30 38
11 94
11 19
60 90
79 95
39 10
85 50
43 76
64 23
18 80
34 64
67 65
75 53
77 81
0 63
45 37
91 6
15 63
96 99
99 83
59 40
0 69
99 25
25 11
1 39
42 30
88 66
47 52
39 22
82 97
2 20
95 51
98 20
70 6
5 73
14 56
21 25
88 30
54 13
28 6
42 68
56 27
29 57
67 52
84 72
86 39
23 34
28 85
9 83
8 38
33 54
52 44
75 25
28 69
70 10
54 67
7 64
93 59
91 79
72 35
49 30
78 66
72 92
60 74
35 71
86 89
