111
15 28
40 21
7 11
61 63
20 4
57 97
91 21
7 59
3 79
77 46
77 66
84 92
50 51
60 37
40 9
54 65
81 41
51 23
9 74
87 82
79 17
42 30
42 93
65 22
21 97
91 58
32 75
95 43
99 99
35 55
71 98
48 73
98 65
11 49
42 3
69 49
18 88
98 16
80 10
78 31
43 37
92 29
28 1
17 72
88 98
47 96
79 84
8 6
33 17
32 95
0 65
69 19
3 21
61 52
52 89
44 46
85 66
35 87
86 51
47 18
92 71
72 31
43 14
1 98
97 2
28 37
67 76
3 36
7 99
26 44
78 1
20 25
39 60
2 50
18 56
75 62
66 9
97 79
65 96
5 80
46 78
49 0
1 45
17 96
17 47
96 50
96 93
21 14
60 11
56 67
61 42
12 25
69 75
56 97
15 63
74 76
22 14
87 27
80 95
32 3
24 87
12 43
52 41
90 36
75 39
63 62
73 23
75 54
48 61
86 88
50 8
