109
35 63
30 92
46 72
69 20
61 49
85 77
17 67
81 59
77 34
39 26
57 81
90 91
96 64
16 26
54 8
85 22
87 46
8 63
68 73
91 40
50 79
94 71
86 30
39 76
84 67
59 71
47 96
25 49
47 55
95 8
8 97
12 43
21 81
86 97
25 99
35 34
5 88
62 38
5 21
60 90
70 50
99 38
61 16
78 96
14 33
75 78
21 54
64 65
84 14
39 92
96 55
65 45
45 89
97 34
18 51
31 91
82 91
41 65
71 39
69 85
73 56
30 3
68 3
13 9
27 17
53 37
2 55
44 8
16 1
47 51
6 77
99 91
99 13
45 23
37 37
83 8
59 22
28 77
45 0
99 71
31 19
20 30
12 69
87 22
27 67
78 62
32 53
17 12
51 34
99 80
68 36
62 69
23 91
75 87
27 39
49 81
80 15
43 40
82 58
31 75
89 81
14 60
75 21
56 91
60 48
49 69
65 76
34 80
58 80
