98
22 68
72 61
38 60
54 27
76 24
26 79
28 35
55 70
73 78
64 39
22 30
78 61
75 16
70 26
90 47
39 46
24 5
36 20
33 59
67 44
81 75
77 30
63 66
20 58
31 27
62 34
67 55
5 70
8 28
41 87
44 16
12 19
98 52
28 6
35 74
82 82
19 78
84 36
21 39
53 64
64 16
87 18
58 48
17 23
41 56
40 24
50 60
27 74
33 52
68 62
63 25
83 22
70 71
58 56
31 67
20 25
7 99
51 3
6 51
1 1
26 95
65 2
90 70
46 94
46 40
0 69
55 78
10 79
75 90
48 12
20 53
81 46
59 80
27 89
35 6
74 10
12 37
86 60
42 36
68 84
18 63
72 44
25 44
51 75
38 82
81 56
56 34
36 29
44 61
14 68
26 21
19 75
36 66
76 72
31 42
63 30
59 62
61 70
