114
2 44
63 49
17 29
39 79
60 9
15 84
94 31
70 87
59 27
83 67
54 82
44 58
11 56
12 98
45 7
90 7
92 56
74 78
79 9
63 2
65 89
79 56
43 78
27 79
19 43
80 24
47 37
33 94
85 91
2 68
31 5
85 42
87 96
26 47
63 31
37 57
40 35
25 70
97 15
46 95
57 47
5 42
38 10
13 88
74 19
76 73
43 29
29 33
5 76
86 52
64 23
55 89
15 53
11 72
80 14
49 26
6 56
64 82
0 13
97 75
16 0
65 63
20 15
3 99
8 25
71 43
27 98
93 78
0 82
49 65
99 43
99 58
25 65
95 24
70 98
79 28
47 3
23 1
6 19
56 68
35 99
68 38
70 58
29 15
87 85
1 36
49 48
27 70
59 12
90 70
61 99
21 39
38 26
34 84
46 57
60 75
88 45
22 22
20 83
39 20
76 62
9 67
82 87
78 35
63 41
55 61
22 61
56 18
82 58
69 75
52 32
31 91
16 40
88 76
