112
46 19
15 70
67 54
46 76
6 9
92 47
72 72
62 86
10 24
74 6
81 29
96 31
93 8
1 59
32 60
86 46
20 69
53 68
80 78
65 44
22 29
83 15
76 60
18 57
64 61
26 6
49 93
51 50
13 88
53 6
24 44
39 33
79 95
91 87
40 12
58 22
40 82
45 96
68 2
36 66
21 88
20 14
32 25
68 97
77 24
1 17
55 46
10 74
14 1
65 9
24 78
37 18
97 42
46 59
56 82
55 99
72 18
27 11
73 84
61 51
80 12
95 66
0 94
99 75
71 39
11 43
28 98
38 43
0 96
98 27
1 33
0 3
62 28
93 59
6 74
17 30
23 98
83 47
9 57
7 97
4 24
36 36
85 71
55 64
57 37
38 77
47 8
94 22
37 51
72 64
64 80
35 91
5 88
83 86
39 73
81 50
26 60
15 15
24 37
28 21
66 10
86 78
6 66
42 17
14 5
57 74
15 60
89 24
18 23
48 85
29 66
6 15
