113
82 6
72 81
58 18
6 79
55 64
37 9
51 96
54 37
16 31
38 70
42 49
9 5
14 95
83 86
64 27
45 2
84 14
40 20
70 3
51 18
47 28
98 17
85 54
84 70
5 22
26 53
97 76
89 28
11 60
21 74
63 48
31 39
65 99
73 29
86 0
28 11
85 92
1 73
74 57
93 38
24 85
44 75
12 47
41 98
30 25
70 43
2 51
5 87
88 64
18 45
71 8
51 90
81 77
69 34
79 21
59 23
77 66
92 85
99 98
2 36
26 99
14 3
99 12
32 85
67 98
53 58
8 19
11 63
4 1
90 33
56 44
40 66
97 2
2 32
69 66
43 6
45 35
21 29
84 46
81 94
96 34
14 66
19 94
72 1
19 9
1 56
26 45
2 16
57 12
31 19
56 47
88 60
70 71
83 17
15 24
4 42
42 29
47 59
15 74
74 29
76 84
98 24
83 41
91 78
48 44
90 4
62 63
14 88
65 17
20 14
37 14
88 21
50 20
