110
43 64
20 26
45 50
53 16
89 81
30 65
46 84
0 40
67 33
79 92
81 43
4 54
96 13
11 2
70 53
58 92
38 24
50 6
54 31
37 91
10 28
44 69
73 38
79 10
86 61
96 39
20 41
14 92
57 62
7 71
64 5
19 6
45 3
27 85
60 72
47 49
96 67
26 42
3 23
92 34
15 77
4 92
45 33
89 6
40 10
73 6
1 67
32 58
23 93
59 32
11 41
59 8
49 91
58 56
49 21
72 44
47 40
95 94
81 24
79 71
76 92
1 86
2 15
25 9
36 99
93 97
24 27
67 20
93 76
57 97
84 55
99 11
75 97
0 50
18 99
0 9
25 3
46 48
33 74
61 46
19 45
61 88
74 24
81 2
81 62
31 28
1 74
89 82
9 88
11 7
47 73
32 91
35 3
6 31
37 51
17 15
74 16
78 85
42 76
62 34
11 78
60 18
83 35
35 60
46 14
53 35
67 45
81 92
49 59
57 23
