108
87 48
66 57
65 17
29 4
63 84
6 14
41 83
44 23
82 5
5 58
45 49
11 87
92 74
87 91
35 66
35 34
6 37
72 43
6 63
91 71
76 3
72 20
42 32
8 69
73 74
45 7
97 58
85 31
23 50
29 91
5 0
35 96
86 19
50 60
26 29
97 38
16 49
81 56
71 94
15 94
76 71
59 59
23 81
37 78
14 39
77 35
50 47
31 49
87 13
73 85
43 69
92 38
18 87
69 9
96 51
35 41
91 60
24 37
99 1
52 10
94 92
23 7
57 95
10 0
1 86
20 66
27 21
63 36
13 17
99 78
45 86
61 74
51 26
1 47
39 4
4 72
59 3
93 94
36 63
57 68
85 2
78 77
37 10
73 51
55 24
92 32
78 37
69 23
20 59
76 91
32 80
10 44
40 27
16 3
76 67
21 59
73 20
25 77
44 41
54 11
81 86
40 87
76 45
8 65
85 34
17 79
82 10
71 30
