108
63 8
90 54
42 90
29 81
6 62
48 32
68 25
64 91
12 5
22 18
40 65
71 54
87 75
54 49
33 36
19 40
50 84
0 12
80 72
7 73
50 26
71 33
64 46
41 34
6 29
89 5
33 52
95 18
58 64
31 7
39 6
18 86
99 71
64 0
23 25
13 42
75 19
73 73
50 77
78 39
2 3
2 22
36 79
49 94
12 69
42 13
60 15
81 53
21 80
34 29
36 86
51 40
14 61
60 22
15 19
70 47
38 42
91 94
5 92
98 37
24 99
78 87
95 55
27 54
86 29
83 3
98 95
0 59
50 1
6 46
19 96
99 51
44 59
93 3
8 0
97 85
37 20
57 78
98 9
93 26
79 58
21 67
52 63
40 96
17 44
48 2
3 52
96 46
70 62
26 71
28 10
0 69
44 66
25 32
52 17
56 33
87 59
83 14
32 58
6 8
9 32
66 15
55 70
26 33
30 86
13 48
85 53
39 23
