112
18 76
48 80
13 90
82 75
40 12
36 60
27 28
68 20
58 34
57 97
34 43
15 52
55 4
83 61
70 55
49 19
59 43
72 13
38 75
65 32
17 11
91 34
4 63
1 39
39 99
69 88
4 1
81 96
3 78
88 18
49 54
85 47
2 21
24 99
68 63
87 82
98 38
31 58
29 44
72 31
51 86
41 22
46 62
27 72
7 44
10 8
91 65
15 62
73 48
18 81
51 43
42 8
8 58
45 56
23 48
59 55
43 70
14 66
50 10
65 40
10 74
99 0
95 95
13 31
99 17
72 3
63 75
95 69
34 89
86 10
19 29
0 59
61 97
86 99
66 70
43 98
80 43
32 5
55 2
44 30
21 95
80 79
97 32
0 15
93 49
34 85
84 21
33 28
4 82
57 72
71 27
59 19
9 26
21 18
40 0
58 94
44 48
18 45
19 85
72 71
51 27
32 63
51 69
86 68
64 13
35 93
91 42
49 77
1 67
26 58
24 40
28 88
