112
59 45
79 75
3 18
40 5
63 21
65 78
43 43
89 73
33 68
32 31
87 31
47 61
20 74
13 61
39 91
81 56
29 48
97 31
58 82
44 29
29 4
57 36
10 75
60 67
6 13
33 58
74 97
15 93
90 93
98 50
11 47
24 18
48 79
51 16
49 2
19 4
91 45
2 3
68 62
50 56
36 29
51 31
29 76
87 62
22 48
66 37
47 91
67 51
74 85
49 22
21 85
16 54
77 61
44 50
34 40
27 66
58 53
21 68
78 13
64 3
1 94
92 8
14 29
60 99
68 23
1 77
94 97
22 99
2 58
99 22
93 81
84 47
16 27
75 8
37 88
96 15
47 73
73 33
55 1
52 98
89 95
26 10
12 7
12 43
65 69
66 83
85 21
97 36
27 45
24 82
4 63
83 42
9 23
57 17
77 19
38 24
35 72
54 60
56 38
13 68
62 93
29 35
40 58
72 15
16 82
91 37
44 23
26 53
21 34
50 46
48 38
37 36
