104
3 3
40 83
43 65
20 67
1 62
13 80
32 55
30 12
40 33
3 32
18 35
10 47
5 92
25 93
5 17
45 17
44 3
17 5
45 48
20 22
3 70
3 34
25 72
45 92
30 47
33 30
35 82
1 17
1 88
5 48
40 2
20 93
18 1
17 60
45 33
45 72
40 17
25 17
35 62
23 40
8 75
10 32
18 85
32 3
3 54
25 48
40 92
3 9
40 48
30 77
24 3
1 78
43 40
17 30
1 47
8 3
30 93
3 27
12 65
34 3
15 92
45 82
35 17
25 32
43 55
15 18
22 55
20 77
35 93
42 25
5 63
10 92
30 67
15 52
2 40
43 60
20 13
35 47
25 63
42 10
17 45
7 85
10 17
28 25
40 72
25 82
32 40
13 70
35 72
32 35
12 25
12 10
10 58
13 40
1 98
4 78
27 8
29 62
38 25
19 49
38 10
30 88
16 76
30 23
