112
74 29
70 74
64 10
87 70
25 13
62 61
52 46
84 61
51 6
18 89
58 93
80 97
30 34
47 75
99 46
41 62
3 23
55 34
20 35
71 86
40 46
76 61
60 41
81 68
86 21
85 6
3 55
18 65
2 73
49 21
27 52
88 81
30 16
70 2
41 79
12 23
13 95
85 0
96 24
85 90
45 45
31 59
9 60
76 54
69 36
65 3
11 81
80 27
39 8
18 26
86 54
45 32
71 97
20 18
81 75
91 60
38 58
30 24
3 4
33 92
2 41
98 91
25 73
32 90
20 50
38 0
50 90
58 59
8 37
4 90
82 44
17 8
66 43
98 60
84 6
3 76
95 74
94 96
72 22
11 52
54 69
58 87
58 16
3 36
29 95
32 38
44 20
7 12
24 9
77 19
81 83
33 65
46 59
80 38
91 13
26 87
5 51
66 28
34 20
41 36
79 92
59 50
25 3
14 33
71 6
17 51
40 14
36 43
79 34
77 68
13 18
31 52
