113
1 52
77 30
53 45
21 32
21 17
8 57
86 41
1 30
91 14
82 96
68 82
12 87
67 44
21 51
23 85
66 91
89 88
98 7
23 7
63 72
87 32
9 52
82 32
35 64
35 26
55 29
73 14
7 71
40 97
44 80
53 14
49 65
84 73
69 4
10 95
1 74
13 18
97 31
93 68
68 97
24 36
10 41
53 38
93 9
93 96
64 29
73 3
39 71
17 60
57 48
45 37
18 93
58 18
6 81
1 9
83 57
37 50
71 66
36 14
98 76
26 2
54 83
5 3
36 92
25 79
93 45
20 65
57 97
82 87
45 11
35 50
12 0
87 16
56 59
68 67
75 45
51 94
2 57
18 23
83 81
24 40
34 20
78 99
89 50
54 68
38 86
30 6
69 28
51 15
81 18
0 44
31 36
92 31
11 73
31 56
32 92
37 78
20 84
13 38
72 83
99 17
11 16
59 32
4 67
44 15
20 5
28 33
49 76
69 31
46 84
25 10
78 35
25 26
