114
66 32
92 73
5 76
45 90
48 67
39 18
61 14
85 57
87 33
88 7
20 25
75 20
0 50
27 76
53 10
95 67
54 24
39 59
1 81
97 7
84 71
15 0
16 50
11 36
27 9
98 45
61 52
87 90
2 15
25 62
17 96
63 87
67 56
61 69
39 49
0 91
5 65
38 93
34 27
24 43
20 81
3 35
83 85
37 78
78 12
52 95
23 58
51 76
87 42
60 2
33 12
51 24
17 29
49 60
34 63
25 15
96 51
11 82
40 73
27 51
49 39
76 99
73 40
0 21
99 17
32 98
92 98
53 40
45 3
98 81
97 31
13 98
77 69
69 81
5 15
9 65
22 1
59 98
71 35
83 3
34 35
1 52
74 20
58 72
98 69
76 52
79 5
27 82
8 33
53 53
37 52
26 67
44 97
90 50
36 21
71 62
19 9
68 14
80 27
15 91
34 4
60 26
92 13
22 36
63 40
22 73
26 92
45 13
84 65
29 29
68 18
13 73
83 13
31 77
