105
54 58
28 69
16 42
71 38
50 44
4 8
85 1
78 50
3 99
2 85
17 86
69 88
73 69
57 97
84 16
92 45
31 48
52 38
32 55
67 34
13 10
60 56
14 34
75 97
68 81
71 21
9 93
44 26
32 93
55 15
99 5
97 83
42 70
6 52
34 13
98 98
90 69
54 84
1 1
70 14
34 37
92 93
57 65
1 16
36 74
58 31
82 26
25 89
37 51
48 80
79 7
66 96
76 35
51 52
61 19
59 92
81 15
42 50
99 20
9 67
51 1
0 30
66 0
27 6
76 65
36 99
97 27
45 3
23 68
30 27
19 11
81 54
12 58
84 90
7 99
52 99
94 6
56 17
85 32
10 78
82 78
31 19
40 90
27 51
48 30
80 56
19 5
37 69
12 20
92 89
71 43
72 73
21 72
17 91
85 47
43 64
33 85
10 0
38 35
66 35
68 64
63 9
51 74
36 54
68 53
