112
83 92
5 59
73 35
5 40
13 85
97 22
69 77
93 64
45 64
31 74
68 12
22 56
34 29
32 90
96 49
14 29
82 15
53 34
50 80
90 95
88 84
29 7
60 90
82 48
10 5
11 99
76 63
49 48
91 4
89 34
23 71
63 5
4 82
36 22
68 56
2 57
56 86
32 82
84 33
15 50
74 43
97 13
39 15
36 63
91 75
2 94
75 8
14 75
41 86
76 89
61 76
78 29
26 64
77 42
40 77
12 20
19 98
63 57
28 34
53 9
54 23
14 6
0 78
79 67
32 48
58 37
96 66
98 92
5 97
47 7
99 27
98 3
54 94
8 26
25 13
68 19
19 36
82 11
48 38
99 35
3 74
71 0
98 56
54 58
33 37
40 21
1 48
18 46
26 92
23 11
55 72
77 74
57 3
79 91
17 77
59 43
18 91
32 58
88 18
11 60
68 63
90 68
64 81
51 20
0 82
25 61
93 28
28 76
25 29
16 68
33 72
26 85
