107
90 85
25 67
75 34
35 8
22 38
9 74
62 13
49 50
8 97
86 25
9 66
89 61
9 47
73 45
60 51
95 90
26 28
80 16
34 69
19 58
69 15
63 69
28 90
48 25
9 8
51 98
96 13
78 77
99 31
31 49
13 91
19 23
40 5
95 61
57 78
13 8
34 88
2 60
55 3
27 11
48 94
64 25
43 45
60 40
90 76
83 93
19 77
38 20
16 53
75 65
19 32
54 20
72 10
89 19
4 70
37 51
48 10
24 52
73 26
65 99
1 34
89 41
80 1
44 70
97 0
63 85
5 22
78 93
60 59
58 36
99 94
92 41
0 7
28 96
40 65
54 81
94 5
72 68
39 40
5 52
58 63
58 99
5 78
21 75
25 8
32 85
41 1
22 96
63 2
84 79
86 54
50 22
72 60
14 89
23 18
87 27
32 96
28 45
56 51
11 47
18 72
46 34
58 73
42 9
83 70
54 89
25 18
