116
46 21
53 84
31 80
34 50
95 94
67 6
23 10
21 99
85 76
40 66
5 13
4 96
81 52
55 9
45 27
80 66
94 72
15 22
37 59
58 48
12 59
63 64
81 13
96 47
61 32
10 36
89 29
71 87
74 39
31 6
32 88
47 35
3 86
28 41
5 41
48 81
95 62
73 53
2 56
18 62
76 6
19 20
65 76
86 83
84 36
51 77
19 2
68 32
61 19
34 44
62 90
13 33
60 41
72 4
91 80
40 15
91 56
29 16
66 47
17 40
73 70
52 26
88 64
92 3
49 99
0 70
44 0
77 96
25 75
0 26
14 84
28 31
97 24
99 92
99 40
57 64
77 20
11 0
43 97
8 82
25 95
52 54
23 60
76 93
38 52
25 1
83 28
60 13
10 16
42 36
4 67
35 73
20 47
87 50
9 90
51 62
78 4
69 99
85 93
4 34
31 23
69 24
48 91
22 45
44 73
84 80
74 56
42 42
8 42
39 22
58 75
14 14
28 58
94 80
8 27
68 15
