104
58 61
94 3
45 96
42 22
59 97
53 87
96 73
12 46
30 11
86 93
1 76
80 49
70 22
26 94
7 62
45 6
26 73
69 71
6 33
82 21
53 23
49 52
32 98
42 10
2 96
65 4
6 13
22 36
46 36
24 59
39 81
94 44
35 46
67 41
99 17
79 60
17 20
10 80
84 27
5 7
51 68
33 25
78 77
62 44
63 77
71 1
93 55
78 41
44 58
92 7
48 82
98 56
14 63
55 30
36 71
57 52
76 26
64 90
39 27
89 83
75 53
87 47
19 92
4 29
98 36
81 95
59 9
6 99
0 0
13 49
7 79
26 57
24 78
21 16
40 98
56 25
47 1
11 65
63 38
41 38
65 66
19 43
74 77
67 15
91 23
2 54
31 52
26 19
50 6
74 15
36 95
13 86
80 34
11 9
56 23
61 58
78 70
29 63
64 55
52 37
21 71
16 57
43 24
16 73
