115
52 44
86 18
51 16
11 82
86 42
10 63
80 57
48 95
27 83
43 73
4 35
25 29
94 90
65 26
11 43
21 67
94 49
36 86
19 30
93 33
44 45
52 75
80 45
49 87
33 15
65 90
96 6
81 71
49 1
12 96
82 99
68 11
66 54
66 70
27 56
79 22
65 95
58 29
48 51
23 34
71 76
60 12
64 63
41 18
77 37
80 64
98 14
9 74
46 9
22 45
36 27
19 88
85 27
95 65
19 6
0 9
9 20
77 0
0 52
17 3
1 33
97 73
98 90
79 94
99 35
34 98
82 3
99 0
12 21
24 60
49 66
95 56
3 87
3 49
41 34
12 0
50 92
63 34
58 1
79 89
68 48
51 48
72 20
76 4
89 79
16 93
29 62
93 95
79 60
2 19
51 24
66 79
46 96
50 80
44 59
18 16
96 42
66 16
18 51
60 97
5 41
20 76
52 32
45 75
22 26
76 44
59 52
61 89
56 15
73 30
80 13
88 52
14 40
16 32
58 22
