113
33 54
49 28
17 94
6 78
11 24
91 52
36 38
90 15
62 10
88 30
45 3
34 13
72 89
1 3
75 58
40 84
4 97
14 34
95 8
46 47
7 27
18 29
81 2
22 4
20 65
50 66
55 85
4 45
23 79
69 75
63 24
89 66
90 35
58 65
14 57
11 13
6 69
38 70
35 24
25 89
65 16
32 44
36 9
90 44
95 59
56 79
74 68
84 16
45 88
87 1
24 23
21 51
82 52
31 76
60 19
2 31
48 58
33 64
25 14
42 51
32 4
97 84
60 48
92 99
83 80
62 99
69 45
49 1
49 32
67 0
7 83
88 84
21 0
6 63
5 9
79 32
49 17
72 97
98 22
19 51
74 53
94 90
96 51
22 34
6 93
66 25
7 4
8 41
98 12
2 77
57 46
21 86
45 27
67 61
57 71
84 38
71 8
50 8
0 17
19 57
47 42
36 3
44 63
19 19
83 23
39 18
8 45
15 0
59 29
40 32
39 46
47 13
19 11
