109
51 35
48 94
88 16
15 83
98 49
5 94
81 96
70 42
62 81
34 20
16 42
86 74
86 1
35 39
50 11
56 71
1 81
80 90
33 52
9 39
43 41
64 38
8 2
29 90
12 68
2 15
89 33
74 21
87 58
30 69
18 12
76 69
2 43
62 10
57 63
97 28
78 42
25 54
9 61
48 51
39 75
32 98
24 38
21 81
62 46
74 11
92 51
36 26
82 82
52 88
84 39
73 97
10 92
42 18
68 72
46 36
94 42
21 86
70 81
18 94
97 89
41 0
16 26
99 7
62 99
61 0
96 72
56 24
0 29
42 66
48 91
97 1
83 56
55 49
19 24
70 23
0 72
11 56
28 13
98 12
62 54
28 38
46 7
21 69
73 9
98 34
92 69
41 52
99 56
53 77
82 34
13 18
56 30
54 96
82 15
82 73
96 20
45 50
51 71
79 38
99 43
15 74
28 22
7 23
84 8
30 80
52 63
57 34
40 46
