111
56 59
29 13
54 75
94 13
70 38
77 35
64 25
38 51
97 68
2 25
2 72
95 87
30 72
21 60
37 92
37 17
61 13
58 38
39 60
28 5
48 44
58 23
25 15
19 31
71 98
35 37
80 76
99 30
7 52
74 2
78 21
36 97
72 91
7 68
98 15
83 66
1 81
42 84
44 22
47 62
31 48
94 7
69 2
20 24
40 32
64 82
49 97
20 3
32 65
55 49
71 29
89 16
41 46
67 34
72 57
91 53
46 6
19 88
2 5
1 39
84 40
90 91
2 91
1 19
56 98
20 82
6 2
88 0
98 38
99 65
81 80
44 76
67 57
87 93
4 67
79 16
34 32
25 45
5 86
59 73
23 89
81 55
79 0
9 19
64 4
56 89
55 43
23 68
76 96
9 69
80 41
26 52
92 23
8 90
54 11
73 21
31 73
50 72
33 12
86 80
21 21
89 26
73 90
50 84
30 79
41 54
65 14
41 69
79 26
71 12
27 59
