108
47 68
42 44
95 35
63 59
75 68
71 89
50 3
27 44
14 15
18 72
43 24
3 28
3 43
81 19
46 91
72 97
38 62
64 77
20 63
9 48
49 60
71 64
76 80
55 66
98 78
73 34
3 95
0 70
32 78
25 98
64 2
57 33
94 94
82 47
24 25
9 82
39 2
23 46
91 74
96 25
62 43
32 93
17 4
91 41
27 77
61 85
88 22
53 4
2 59
14 32
28 51
77 86
81 28
70 46
57 72
11 63
18 40
31 66
81 36
36 87
7 39
67 16
0 7
92 8
98 54
3 1
38 30
89 5
29 12
2 23
57 18
85 61
90 92
71 6
52 93
8 86
95 40
40 16
31 5
48 42
34 36
75 98
58 95
54 28
1 53
15 18
57 0
37 79
90 55
91 80
58 58
68 30
22 88
42 60
9 72
77 44
87 76
63 23
51 82
18 55
22 32
40 54
66 83
36 39
9 57
30 84
61 69
69 81
