108
30 72
7 76
59 66
94 72
70 24
7 95
30 19
81 12
84 58
12 12
87 92
93 41
38 53
16 31
27 86
63 28
37 30
55 74
39 9
89 70
36 80
6 86
69 13
89 81
68 95
10 51
50 45
95 14
77 52
31 57
7 3
17 26
52 84
30 4
52 26
60 50
95 33
20 66
18 48
0 73
45 12
77 30
52 62
3 14
75 4
33 27
92 7
32 49
9 29
19 85
46 42
35 87
2 92
80 47
13 70
91 61
27 66
68 30
24 21
46 35
16 80
18 56
46 97
75 74
44 98
0 51
63 98
97 93
53 7
26 98
66 63
71 81
90 23
97 9
97 41
33 2
70 3
66 42
56 83
59 13
91 56
85 84
0 11
97 69
9 98
81 38
5 65
43 61
9 44
72 60
99 83
22 37
48 21
50 78
96 22
16 16
81 23
30 67
36 6
60 29
69 56
47 56
66 79
1 90
6 56
10 26
31 13
67 19
