90
12 16
12 96
93 13
13 37
12 6
12 88
4 6
12 12
72 17
23 2
14 46
82 17
1 20
43 6
35 33
24 56
32 19
45 85
11 78
49 14
29 1
12 23
35 12
1 13
46 47
9 64
32 91
41 67
78 36
46 94
3 56
2 34
0 99
29 33
92 20
73 28
79 12
20 91
40 3
43 21
3 93
23 25
15 53
14 2
21 17
33 5
74 97
64 4
90 47
61 90
56 76
26 76
93 2
54 48
68 84
31 56
91 29
2 77
57 17
32 99
49 52
35 35
41 77
82 0
0 47
16 39
32 49
23 68
1 63
53 17
50 39
0 3
73 3
91 3
12 78
42 74
7 33
81 29
63 15
13 93
19 77
57 9
90 17
31 29
29 12
21 45
14 19
6 5
7 85
43 10
