107
17 96
50 53
32 8
76 86
1 59
89 76
60 61
34 46
97 15
89 33
54 39
36 24
33 68
1 42
88 51
18 3
60 23
13 34
25 43
26 67
42 11
43 28
87 85
91 20
25 9
35 16
97 64
54 80
14 75
63 0
78 2
46 94
74 49
61 17
18 22
35 78
73 96
20 90
51 73
19 47
61 88
67 30
8 56
85 33
7 37
31 39
19 67
3 72
13 96
60 52
92 29
79 91
85 46
80 80
30 47
45 74
80 26
2 22
75 66
93 98
45 92
0 80
11 7
77 19
99 66
43 58
67 74
92 6
20 18
31 86
65 3
50 34
93 93
70 50
98 40
71 34
51 11
38 2
78 98
23 61
40 63
21 81
96 56
5 62
28 33
4 37
66 65
91 14
87 74
63 17
25 4
38 87
66 81
87 58
22 18
25 52
65 56
59 25
73 78
12 82
39 10
15 40
31 71
48 85
30 22
70 82
29 57
