111
72 38
23 40
45 84
41 39
16 4
19 31
25 59
82 69
39 60
45 15
63 8
59 75
28 79
37 2
96 98
79 35
74 13
35 93
47 59
91 59
13 65
56 63
33 52
49 79
56 37
13 82
95 2
32 25
4 40
79 90
66 99
1 54
86 4
64 26
31 10
29 73
93 52
28 95
68 50
64 81
77 20
97 70
51 96
2 86
2 60
43 25
70 2
23 4
24 45
45 5
83 39
16 45
2 73
71 22
50 32
18 10
51 88
28 31
65 36
76 3
45 67
32 18
2 26
98 31
10 99
1 0
1 18
80 76
99 76
81 91
74 57
92 16
60 51
9 42
66 83
60 2
17 82
90 56
32 76
19 63
42 99
38 41
87 98
4 11
69 63
4 68
88 0
0 34
83 83
55 57
51 19
61 5
18 85
65 91
37 90
47 41
87 47
76 36
84 69
85 14
48 86
30 49
37 11
61 44
22 15
68 19
14 35
26 50
15 71
75 39
27 89
