104
36 89
9 4
65 15
80 17
56 94
24 48
17 20
28 30
73 83
23 2
43 7
6 37
97 80
45 71
53 54
62 39
31 62
83 26
55 83
35 96
34 22
3 11
57 48
71 12
13 42
54 13
89 21
16 66
8 83
83 72
2 60
93 49
97 34
16 95
12 80
73 39
36 36
95 86
92 8
85 48
2 91
69 84
28 81
48 1
11 26
59 21
52 40
18 5
34 6
24 97
36 82
73 95
87 79
50 48
47 16
64 26
94 20
24 16
8 20
22 40
80 10
27 71
47 87
74 28
56 5
17 32
59 68
97 65
96 95
2 56
16 61
92 64
86 0
5 75
71 49
41 64
39 47
43 33
40 97
77 32
84 86
68 73
21 47
31 16
78 47
41 2
91 34
45 64
87 62
27 56
60 77
94 18
11 68
9 17
62 11
35 68
53 63
86 43
74 76
26 24
91 69
14 52
27 44
48 10
