117
91 60
53 68
12 39
62 32
89 79
63 69
39 50
52 22
72 19
12 92
73 42
26 27
10 9
36 2
55 9
33 40
6 13
8 43
82 65
48 53
51 73
69 25
98 34
82 7
2 57
76 99
10 72
54 96
35 91
90 95
4 27
99 48
97 66
19 92
63 50
21 10
65 5
29 55
68 94
18 26
3 81
64 80
44 26
86 11
0 0
40 40
81 57
1 85
30 23
25 5
79 97
47 18
7 49
25 92
53 32
12 29
29 47
76 18
35 69
98 1
64 55
37 70
51 92
23 61
90 20
50 3
80 43
96 80
81 79
13 71
92 35
43 85
68 69
4 96
41 2
1 20
64 86
47 99
29 82
19 57
35 16
97 26
99 69
50 63
62 6
69 33
10 0
18 91
49 39
0 71
86 93
0 30
91 53
13 44
47 81
99 41
70 19
83 72
19 7
27 32
38 19
72 68
18 60
65 41
32 86
53 64
8 78
50 7
78 12
15 15
50 83
15 87
22 50
34 26
11 24
63 26
28 19
