113
54 83
57 54
78 52
72 78
73 26
52 26
45 46
41 37
25 32
37 79
55 0
36 22
88 85
6 63
12 86
18 55
81 25
56 35
77 37
26 26
44 76
39 41
35 33
73 93
11 36
0 19
88 63
89 10
98 74
30 6
52 97
97 96
64 14
69 64
34 93
3 84
7 68
18 81
95 0
3 9
41 7
75 78
24 42
88 47
49 68
22 66
61 48
62 99
41 96
39 51
62 84
20 15
25 92
87 54
14 28
64 37
30 47
31 25
75 50
3 99
15 1
5 49
0 0
77 3
92 38
78 98
50 21
20 60
52 59
48 6
2 17
83 99
67 21
90 81
3 63
97 52
66 62
30 78
38 65
69 2
58 80
16 8
34 10
34 98
86 99
23 76
65 20
53 28
74 64
83 36
23 51
20 9
22 74
8 28
69 41
47 53
55 10
57 69
43 74
12 82
83 94
55 49
81 50
80 64
45 26
13 61
28 23
14 18
51 78
26 37
49 40
64 50
63 28
