117
66 4
29 91
86 28
45 45
45 91
32 3
69 63
3 7
75 37
7 87
47 72
59 10
96 33
40 77
74 7
71 50
95 21
13 21
95 82
26 67
11 61
21 33
39 58
33 25
96 98
64 28
31 43
58 84
96 7
3 31
81 85
41 0
97 74
21 79
75 66
8 4
53 11
17 54
61 36
5 79
58 79
34 62
38 7
82 46
61 56
39 43
57 96
96 89
29 87
19 47
2 21
86 17
77 0
67 20
99 27
8 26
52 5
70 34
22 91
42 69
78 59
59 18
0 50
97 55
90 68
71 90
2 97
2 64
56 54
73 83
20 76
2 0
5 42
50 67
83 1
89 43
46 36
28 8
94 96
44 86
5 64
81 24
28 29
68 69
22 70
15 90
35 99
12 10
31 58
84 65
91 14
0 40
84 81
51 26
62 93
15 40
56 2
89 62
73 44
37 11
63 76
9 61
41 96
18 72
58 62
13 47
36 47
83 13
86 93
66 83
80 39
86 53
72 52
18 90
79 73
19 56
16 77
