116
28 64
14 12
35 11
12 48
37 71
79 90
23 88
34 27
80 62
88 17
68 48
65 92
63 71
29 42
7 80
34 77
18 93
11 3
83 8
68 35
12 61
21 41
78 16
48 42
93 95
53 7
11 27
46 95
82 30
67 1
97 81
97 58
77 47
42 65
13 67
40 90
62 29
8 47
84 71
3 93
29 24
48 33
49 8
69 78
69 98
3 6
1 57
9 21
51 85
91 24
21 83
31 48
32 17
8 35
70 69
71 9
41 75
60 82
4 70
40 80
56 57
98 10
3 96
91 52
96 31
93 98
88 0
48 23
63 55
49 50
91 78
0 77
97 53
78 33
28 56
26 97
78 99
0 17
19 11
40 95
53 3
15 34
9 95
83 60
54 28
32 32
45 56
77 76
18 66
35 13
25 79
57 86
72 42
49 14
2 24
38 96
93 10
55 73
7 42
82 55
89 94
0 82
77 23
26 50
66 41
38 31
39 60
50 70
14 15
18 74
69 27
40 46
13 43
35 80
14 88
37 22
