109
43 64
25 8
57 50
36 43
71 67
31 16
52 97
2 6
76 11
92 27
49 79
48 14
6 61
89 47
28 79
76 80
79 58
27 43
89 18
37 80
47 41
79 98
64 23
21 62
5 29
95 62
92 87
5 85
59 3
22 27
10 10
64 50
12 79
94 67
37 57
84 40
99 41
43 7
46 24
97 13
15 48
61 78
76 28
71 51
23 70
74 91
78 66
51 88
29 8
50 0
53 61
96 77
16 33
31 22
37 87
71 20
95 56
40 53
37 22
84 74
81 21
86 87
36 13
19 97
1 44
73 4
0 20
61 34
3 93
35 94
97 1
27 1
22 46
62 64
47 39
65 90
9 71
82 41
5 47
38 99
98 27
58 9
69 35
64 71
93 10
17 13
98 47
48 22
22 77
42 73
21 56
41 0
10 85
81 97
76 58
78 72
60 23
54 47
36 64
57 68
61 40
55 6
90 53
49 32
68 82
77 44
87 68
70 57
80 55
