114
87 13
31 58
85 91
82 20
88 84
15 46
60 92
38 15
48 36
96 65
24 3
1 4
67 45
54 22
52 68
51 88
63 38
71 14
20 41
78 33
20 8
38 29
83 53
67 67
98 98
96 45
4 92
8 72
34 83
4 33
88 69
71 75
29 52
14 91
24 68
43 54
11 30
41 68
61 6
3 51
74 91
6 9
42 35
52 80
73 19
97 52
15 79
28 37
79 76
75 28
94 87
57 36
20 61
89 96
40 58
78 14
32 63
98 25
43 1
93 0
19 25
0 89
5 58
35 92
69 51
18 96
91 39
54 54
73 99
27 0
1 67
5 29
98 15
41 10
94 69
48 99
34 23
25 82
53 0
86 55
7 1
1 98
19 17
54 74
70 59
10 51
65 93
48 17
39 74
5 18
99 11
74 73
81 41
44 43
92 10
14 74
58 69
29 27
29 48
70 30
90 24
6 44
72 52
87 64
5 86
56 64
86 81
28 77
34 43
9 9
71 44
44 28
20 49
81 69
