111
75 49
85 68
25 69
96 91
42 49
15 33
2 75
4 17
29 28
71 85
36 84
62 11
67 71
17 52
61 53
31 35
33 49
47 82
67 18
59 85
74 56
25 55
85 2
58 30
99 21
98 60
7 3
4 46
93 14
31 20
76 41
57 93
62 3
29 89
89 84
8 75
6 31
2 52
16 14
78 94
47 44
70 41
96 2
87 17
93 69
14 60
67 25
43 94
30 75
71 10
83 51
75 67
16 20
27 42
73 73
49 91
37 45
67 46
8 23
89 33
0 98
38 5
46 63
44 28
16 97
30 1
93 40
38 63
99 53
1 8
76 7
99 83
37 15
23 96
23 7
54 60
60 31
81 30
74 88
23 72
51 43
43 99
50 77
99 27
5 61
95 68
88 94
74 24
59 74
16 35
74 1
19 58
63 95
56 46
57 54
81 58
22 33
78 15
44 35
59 22
21 69
92 21
23 48
65 4
7 13
42 89
47 34
64 85
65 35
41 54
23 67
