105
81 15
36 28
3 4
62 1
55 52
64 31
95 57
43 35
43 58
87 37
37 13
71 92
99 5
8 81
48 4
32 85
25 15
58 36
42 29
82 26
31 38
31 6
93 77
78 69
99 21
55 98
58 79
66 61
2 27
31 99
43 74
4 60
69 47
99 82
8 89
40 52
5 54
68 21
89 1
79 79
86 57
24 37
6 0
52 21
18 14
45 93
88 32
59 3
3 78
37 68
65 85
78 33
45 9
48 50
34 63
44 81
86 74
66 25
65 53
50 41
35 22
57 89
50 29
66 36
68 72
72 33
10 40
23 74
20 60
18 92
99 91
2 94
28 1
11 20
84 11
80 60
68 2
5 46
90 43
39 98
18 55
90 88
48 78
60 69
11 28
73 86
12 95
75 47
14 5
12 72
51 15
35 82
60 60
94 28
74 65
66 10
63 75
62 95
50 36
45 64
49 7
37 21
88 61
66 46
82 65
