105
97 57
53 31
77 94
26 31
63 74
26 94
24 77
41 68
53 20
40 48
67 9
10 50
88 24
41 3
5 15
60 52
84 5
97 37
77 62
25 63
72 46
53 11
36 95
5 62
74 83
97 8
96 27
38 59
11 96
59 94
95 74
97 99
19 9
4 88
14 26
57 60
11 44
10 72
29 13
39 37
74 15
79 1
48 73
12 6
43 18
19 97
59 5
63 45
47 44
25 69
3 25
66 60
44 9
48 66
34 67
18 18
75 30
26 47
78 47
45 89
97 89
0 39
78 78
73 99
98 43
99 60
53 90
0 74
59 34
4 4
35 32
2 96
83 98
58 76
83 43
19 32
90 28
0 48
44 97
89 14
27 16
31 87
61 7
20 47
54 27
5 64
41 52
85 49
87 89
69 89
38 76
64 40
18 72
71 75
6 39
39 14
56 45
58 20
28 27
33 53
80 93
73 39
45 14
30 77
50 51
