113
87 13
5 84
34 61
16 88
50 69
14 49
52 55
35 27
1 64
87 72
49 15
92 34
98 49
42 40
8 17
33 89
15 38
21 55
47 37
87 77
25 97
80 57
72 25
66 52
63 95
65 70
92 95
20 74
0 38
73 7
33 9
8 2
37 75
76 36
72 70
60 17
53 97
72 92
19 19
97 65
0 58
20 35
59 31
9 99
65 48
14 4
95 55
97 80
54 91
78 22
59 9
39 46
44 73
53 18
10 77
66 62
21 9
79 75
36 36
51 47
93 72
80 66
53 27
94 0
45 1
99 0
0 22
74 2
96 24
1 98
0 2
78 97
61 79
33 83
34 26
16 59
49 89
92 35
39 1
84 51
35 97
84 16
28 48
51 69
99 38
1 91
71 97
35 68
18 90
98 58
70 3
13 52
21 24
32 44
61 48
27 76
38 18
32 95
67 23
48 58
74 83
51 38
11 13
18 78
46 83
71 77
94 56
26 38
72 62
49 30
60 46
74 56
47 40
