116
83 2
61 17
23 3
48 87
45 49
93 45
63 44
45 7
93 82
96 8
54 33
22 68
15 88
77 61
79 17
10 79
45 95
90 35
92 54
67 38
57 56
48 41
14 46
60 98
79 96
35 80
0 17
17 19
7 60
58 75
1 92
14 99
40 35
69 66
69 7
40 14
95 72
76 90
16 26
74 31
87 99
61 20
31 1
44 70
59 83
90 18
86 60
26 87
62 61
5 87
49 27
37 44
70 17
38 87
20 77
55 46
0 1
0 45
27 54
62 3
0 64
25 32
8 33
98 68
73 81
95 97
16 3
80 45
92 1
30 62
95 33
21 50
51 4
34 15
5 65
87 77
1 8
39 29
77 3
15 5
2 78
77 64
54 98
42 53
4 49
72 95
94 11
66 80
6 22
9 41
85 41
41 81
34 36
37 6
17 70
18 54
64 58
9 6
75 20
59 26
88 4
4 57
54 91
69 85
20 34
44 80
90 51
30 8
83 92
15 85
50 13
73 12
68 53
14 14
59 8
50 38
