113
54 10
8 27
90 83
50 16
65 4
41 95
47 66
60 90
33 64
87 17
3 68
77 46
54 51
12 96
26 26
56 74
60 23
82 88
54 41
9 85
17 42
41 80
75 66
25 11
91 45
11 3
99 25
26 77
41 27
70 80
91 66
68 35
11 19
70 96
25 57
78 24
23 28
57 56
95 39
88 8
68 65
84 98
18 52
37 89
75 16
30 15
98 75
69 48
2 78
19 66
45 90
61 73
63 9
88 23
83 42
84 74
44 74
38 17
14 34
69 23
65 86
96 16
45 59
69 56
36 44
82 0
2 14
49 2
27 98
43 31
96 96
25 1
98 46
12 80
10 54
27 92
32 50
7 5
56 37
5 32
88 56
0 88
43 98
12 48
68 9
14 68
78 98
54 21
95 89
28 33
54 88
44 9
38 66
6 22
83 65
66 37
94 80
48 54
80 39
18 73
55 19
38 32
35 78
79 91
26 18
31 93
17 15
19 31
62 23
57 48
86 95
64 30
64 20
