110
40 48
79 22
6 33
81 67
49 96
14 17
81 57
81 7
72 87
41 25
48 77
26 53
61 42
63 20
14 96
5 59
7 40
23 14
50 53
36 62
74 26
7 26
38 8
95 14
35 92
27 79
93 39
22 31
67 66
11 80
98 44
57 39
39 31
23 55
25 71
94 60
48 18
30 98
79 0
56 91
55 74
41 69
11 87
25 45
85 26
12 57
48 60
55 28
54 45
33 18
36 83
14 70
40 14
34 56
66 30
32 70
49 31
19 60
33 48
15 48
41 57
86 89
17 1
1 7
97 0
78 41
89 96
61 11
64 62
72 96
97 69
32 1
67 82
99 24
83 81
3 86
72 0
64 56
1 53
4 12
52 93
22 99
92 45
3 26
80 53
11 43
63 99
86 1
7 97
44 99
47 12
20 24
64 40
33 40
63 72
65 25
83 15
85 58
66 54
80 95
57 79
31 8
46 93
12 12
3 45
48 54
48 36
63 46
27 61
26 62
