114
30 86
69 74
86 56
1 6
12 64
70 36
25 5
41 50
59 93
41 65
4 26
14 14
54 59
50 76
76 30
18 81
4 66
39 85
81 66
18 5
93 17
25 55
85 2
83 88
52 35
85 42
97 87
27 26
22 98
55 9
67 92
64 74
47 8
84 94
38 39
22 47
20 31
97 79
47 28
33 25
71 60
26 72
81 72
8 79
55 90
6 58
11 19
90 51
77 58
73 78
25 80
46 48
8 5
14 55
21 86
76 82
7 14
64 85
37 99
74 11
82 27
62 47
6 34
41 8
59 17
93 37
6 89
62 3
68 99
37 70
32 10
79 25
52 98
34 39
20 40
61 25
7 50
55 73
92 76
93 42
29 56
77 43
91 92
7 72
15 0
57 0
45 83
37 24
53 42
27 99
45 98
54 56
23 69
87 69
47 21
10 28
37 44
59 39
47 60
33 13
26 69
39 79
27 41
90 83
69 89
41 76
54 84
79 38
20 66
28 92
45 36
77 68
40 34
82 80
