117
99 71
76 58
44 72
54 94
47 10
6 35
22 88
10 97
4 70
44 47
65 2
30 76
66 22
40 25
55 85
4 82
28 23
54 42
71 7
40 62
71 68
96 13
24 58
81 18
27 6
99 46
37 96
81 81
9 5
3 51
98 85
73 99
22 44
79 44
8 29
75 85
90 61
58 50
52 27
31 41
39 89
90 87
83 60
14 57
59 18
34 19
66 54
47 41
65 84
56 73
41 80
32 13
68 41
35 33
18 48
35 67
12 80
64 59
44 32
53 55
97 32
99 99
85 3
0 97
1 67
2 8
82 42
67 36
16 15
98 18
14 0
51 99
3 32
55 12
33 1
95 0
93 46
82 35
66 98
80 4
15 71
98 95
34 58
97 41
60 77
57 3
4 37
9 14
89 81
90 22
70 16
83 66
1 76
48 56
83 86
67 70
41 17
41 89
11 65
27 33
34 75
53 32
74 35
23 12
49 70
40 6
84 13
60 88
92 52
33 90
27 62
70 76
63 50
41 53
81 50
50 78
40 39
