104
72 14
46 16
67 90
7 8
7 27
85 28
41 43
76 78
71 55
23 26
3 47
35 2
31 56
16 90
88 12
53 99
58 18
42 32
76 61
0 3
35 17
79 14
51 15
80 56
95 80
94 65
20 1
89 44
29 70
50 85
56 53
21 57
91 3
53 78
97 16
12 84
68 74
22 38
20 20
60 45
61 5
40 67
11 13
86 85
93 51
74 18
37 43
63 89
27 5
47 97
93 5
62 97
12 28
89 72
65 19
26 19
78 88
48 8
13 6
83 70
16 9
33 95
27 73
65 31
64 69
39 82
9 49
43 66
50 31
28 98
91 37
50 56
63 37
6 41
19 85
99 65
8 94
14 71
27 41
0 33
61 74
82 38
93 23
43 46
44 62
82 0
69 47
39 25
91 58
5 18
33 8
59 33
29 51
61 95
30 85
93 16
38 39
55 38
43 7
28 27
54 22
17 28
21 12
15 20
