108
84 98
10 76
67 88
83 65
22 90
82 32
35 37
54 72
5 32
73 10
3 52
36 12
91 17
48 52
72 74
96 59
18 17
29 69
87 79
43 25
28 51
89 38
70 2
12 66
9 38
91 89
77 91
96 27
48 17
85 73
70 48
55 99
62 35
6 97
24 0
53 91
68 65
44 60
56 40
15 20
87 12
55 7
76 28
24 75
93 45
38 28
57 67
41 45
24 58
54 84
46 67
69 83
52 33
44 11
16 77
83 88
80 44
41 70
44 40
33 99
0 18
2 91
17 3
89 1
24 35
68 16
20 93
35 9
2 35
55 49
99 32
72 56
12 48
0 83
46 0
92 54
5 68
98 4
93 75
67 24
70 96
26 65
15 42
27 31
30 85
52 25
68 55
82 64
21 7
85 39
68 71
39 3
77 13
72 32
13 56
13 91
54 15
31 66
37 52
93 27
26 43
88 71
50 58
9 31
25 83
89 55
50 43
88 61
