114
16 11
66 12
94 58
13 91
79 61
62 30
41 49
78 94
43 76
30 23
96 74
42 13
4 40
46 35
74 85
74 14
49 60
50 88
41 27
57 39
53 30
16 51
88 44
14 28
92 89
34 91
12 68
0 16
32 64
92 24
95 1
63 95
96 44
81 6
79 35
1 22
26 49
49 9
57 66
17 92
31 96
36 3
86 95
40 42
23 13
81 15
97 82
12 13
52 50
91 50
44 6
21 25
89 15
93 32
73 26
49 49
71 78
28 81
82 68
0 47
64 58
5 83
63 4
2 65
60 98
18 65
46 99
71 41
99 17
51 79
27 0
11 5
1 39
65 72
10 77
29 78
78 54
28 33
76 0
48 74
38 60
65 40
58 14
45 92
22 99
12 53
92 81
40 21
95 9
48 0
2 8
68 26
79 68
78 92
87 30
27 52
60 8
99 51
56 45
2 32
8 52
27 8
44 78
36 59
20 76
83 53
42 40
14 24
71 93
35 20
52 2
35 88
82 21
43 64
