205
48 26
23 24
89 6
78 29
87 46
48 9
73 96
19 95
17 42
53 51
38 43
28 76
56 68
7 29
49 98
91 97
32 13
72 62
40 86
92 22
67 16
91 81
37 65
66 80
72 42
1 56
89 66
9 4
3 87
24 0
13 76
59 36
63 0
20 63
0 70
0 16
0 42
43 80
18 48
43 41
72 2
99 25
44 0
2 96
89 39
61 83
86 83
40 26
18 15
91 1
26 95
68 96
51 66
63 22
6 57
3 2
86 66
73 58
32 51
60 50
52 94
27 79
26 31
53 12
34 12
23 62
82 12
1 34
14 45
92 47
99 0
4 18
81 84
38 60
71 73
98 17
66 37
11 83
83 26
20 1
65 22
35 92
87 61
63 2
46 80
40 65
66 58
77 3
14 62
42 29
0 65
51 14
32 46
76 94
97 32
48 0
5 93
6 33
76 48
27 28
0 48
28 94
56 35
51 49
2 6
54 63
91 90
42 95
75 33
21 24
6 78
60 77
27 4
76 76
84 22
97 7
21 80
70 16
92 70
58 92
78 49
23 57
4 24
12 2
91 55
38 26
21 32
75 79
12 94
83 6
40 58
68 64
4 50
3 79
34 4
53 19
92 30
25 74
17 7
84 94
52 40
18 59
42 75
62 30
68 8
75 44
4 14
51 54
66 90
28 48
81 20
26 90
37 18
57 84
54 3
64 60
39 38
40 84
4 82
15 38
87 52
64 30
36 50
19 89
66 45
50 71
22 16
15 66
88 76
87 36
75 10
52 44
93 16
73 91
29 37
66 75
27 8
5 67
15 18
80 62
49 91
31 69
4 43
41 9
56 26
78 34
58 44
14 50
76 12
56 74
11 28
24 38
14 14
78 66
31 22
29 84
20 73
48 33
32 61
58 68
61 15
44 15
42 51
36 76
75 26
