106
38 67
70 11
8 64
86 8
32 49
96 39
78 39
12 52
48 89
9 7
96 83
26 6
24 31
52 26
21 71
88 52
41 3
25 13
44 29
43 87
90 30
70 70
68 28
62 96
56 77
80 91
56 7
51 48
12 21
26 85
47 63
94 55
96 21
38 23
79 77
62 37
29 55
13 45
18 86
48 1
84 63
39 39
73 96
92 11
88 90
82 36
52 71
33 81
14 4
82 17
97 31
93 62
78 48
30 4
63 73
55 34
51 82
70 36
32 14
22 48
39 52
34 98
11 81
8 35
5 68
58 54
11 98
22 68
0 22
0 2
79 0
66 6
66 88
96 6
52 16
27 29
88 96
3 40
68 50
37 74
72 20
77 65
43 96
96 47
20 27
91 1
39 67
39 94
53 25
55 62
12 58
82 23
52 41
62 87
42 14
23 42
76 41
20 75
24 20
15 42
12 73
63 31
81 39
60 46
18 34
67 42
