115
43 90
34 9
69 6
5 68
7 23
24 48
57 75
82 26
65 62
0 51
47 64
29 88
97 67
19 70
17 13
3 5
17 42
31 45
77 68
58 12
43 79
8 53
15 32
66 34
97 16
80 43
55 44
86 80
10 84
63 91
35 29
32 60
80 93
72 79
43 1
96 59
92 16
59 19
96 81
4 95
50 39
29 2
15 80
3 43
72 28
9 29
57 85
39 65
35 92
22 23
11 14
93 25
44 38
28 31
69 70
6 13
13 21
99 41
94 95
18 97
78 98
77 3
37 14
71 49
94 42
2 67
64 99
82 61
42 21
3 89
52 58
85 40
58 3
18 64
89 79
0 27
64 33
39 76
94 51
28 53
27 85
45 54
22 66
50 8
63 67
78 53
49 88
96 31
85 21
57 54
62 38
35 36
69 17
16 50
21 16
31 53
74 77
56 97
88 65
37 29
55 73
19 90
20 34
53 49
83 89
7 61
66 42
9 75
66 84
3 16
35 85
82 54
54 66
41 49
73 63
