111
49 12
2 54
19 3
72 96
75 8
65 79
3 19
44 91
24 88
91 39
38 29
35 60
56 37
10 68
23 38
84 68
15 54
17 96
82 90
57 47
91 28
76 21
65 70
60 14
32 39
6 86
99 75
97 2
71 48
36 57
86 58
19 8
1 42
75 32
22 82
80 2
56 66
51 1
99 64
60 85
41 36
76 81
30 66
23 97
16 74
11 52
91 32
7 12
31 85
92 50
45 64
68 30
75 14
62 41
84 46
28 77
97 99
26 21
35 5
46 77
68 56
16 31
46 17
0 88
89 87
50 99
52 51
0 26
80 71
21 53
72 54
52 27
9 99
61 99
32 19
69 0
99 48
16 25
25 3
51 61
80 66
86 84
42 84
59 10
84 9
45 46
5 22
8 90
36 65
46 3
30 94
16 46
68 80
22 67
85 24
44 29
65 62
39 10
20 40
67 86
91 78
75 13
41 27
26 47
60 72
44 53
25 12
19 60
20 90
50 42
26 27
