111
6 43
62 8
14 16
46 79
27 25
9 20
61 83
9 85
74 97
32 82
23 2
49 23
28 49
72 30
82 14
60 14
5 74
17 8
53 88
64 26
55 11
61 68
93 23
37 4
45 51
82 47
98 72
84 70
1 3
94 57
29 63
68 54
39 34
14 57
97 43
96 4
4 99
58 43
80 62
80 3
26 87
64 97
34 11
82 96
25 69
3 33
17 93
39 13
92 38
44 77
50 48
77 35
5 55
85 23
3 89
85 3
58 25
44 87
7 11
48 9
29 14
76 83
98 99
93 83
55 63
22 36
30 99
0 58
79 82
42 52
53 66
63 76
69 0
1 41
19 75
44 32
65 98
19 50
73 58
78 18
90 87
70 39
43 55
89 56
90 27
31 42
15 72
64 57
74 76
47 85
52 40
32 86
1 49
29 71
23 5
42 24
11 13
80 9
12 78
64 22
88 44
71 62
9 60
80 91
33 57
15 5
33 73
56 21
54 70
26 83
54 83
