104
54 71
63 91
15 24
91 34
7 77
80 20
34 79
35 67
71 25
54 3
73 80
68 7
35 96
18 41
94 57
32 11
5 93
15 3
57 68
26 57
7 39
50 84
54 51
73 39
48 28
0 5
83 66
87 0
69 60
36 41
9 55
99 19
40 94
2 31
55 20
47 7
59 96
18 19
16 96
17 82
21 64
78 87
83 47
68 2
39 27
68 99
5 67
35 58
0 86
79 62
64 53
85 30
50 77
51 13
40 34
19 56
28 25
81 40
53 11
43 70
82 75
56 86
42 84
92 88
30 3
48 52
95 13
2 16
96 95
97 48
65 39
88 4
23 79
4 36
76 97
70 10
92 78
44 0
5 72
57 26
68 74
21 43
48 46
90 34
92 71
87 99
84 19
42 27
67 45
13 25
67 10
40 64
34 50
54 66
27 71
6 46
15 79
77 47
42 12
24 49
60 0
57 17
18 65
10 31
