116
32 58
42 4
37 72
34 51
94 48
8 25
56 77
81 57
87 30
69 22
74 86
14 60
38 22
22 91
63 1
73 47
60 28
46 70
36 11
97 86
41 37
18 15
45 95
64 97
86 15
7 3
68 68
81 1
7 76
15 46
56 14
97 66
96 14
27 4
29 75
81 33
80 73
4 21
60 91
90 85
47 1
98 52
32 39
28 61
43 49
71 7
65 39
31 86
17 83
32 18
63 83
76 26
14 8
88 47
28 53
90 63
53 2
12 19
66 10
41 15
88 55
0 46
59 52
91 99
7 97
22 29
39 99
77 91
98 29
0 48
0 6
0 84
48 43
54 66
96 81
70 62
96 34
17 66
93 2
44 85
20 47
51 16
94 67
31 77
54 96
50 51
75 41
68 99
97 95
6 40
80 11
67 25
1 20
76 76
58 0
18 24
79 33
60 62
83 93
33 17
90 21
42 56
96 78
24 44
23 61
39 42
78 48
83 70
57 18
67 88
12 52
11 10
79 17
76 65
82 40
82 82
