117
87 70
2 52
11 38
87 86
35 27
72 74
32 41
53 7
14 8
50 48
41 94
9 82
39 9
77 34
85 49
43 71
54 42
6 7
4 29
16 45
50 86
37 46
27 33
80 80
71 92
75 6
57 99
87 15
25 64
31 83
49 26
8 66
58 73
59 27
95 51
71 14
42 66
71 63
72 97
96 89
81 52
61 4
92 41
60 50
44 92
33 22
3 59
44 12
5 73
88 95
3 38
52 71
39 54
79 16
60 37
74 41
81 86
47 17
46 56
0 96
19 92
27 0
98 24
17 23
88 0
94 68
27 79
26 98
18 51
34 1
75 32
2 3
66 0
98 96
66 87
1 89
97 75
20 9
66 54
24 78
2 44
5 80
89 17
45 85
86 56
60 59
76 66
26 16
19 1
50 40
66 95
84 99
55 13
95 55
33 60
9 94
70 47
19 75
20 37
89 9
4 52
50 93
38 76
40 37
40 15
85 38
29 92
85 80
24 30
19 82
79 12
55 85
40 52
24 9
54 55
33 15
49 79
