111
88 4
91 77
63 56
76 35
38 52
25 87
51 64
25 5
86 36
38 82
92 97
50 16
11 2
19 30
70 9
70 81
43 11
25 37
74 28
91 40
92 86
4 26
13 62
90 56
97 26
36 24
57 97
2 77
16 71
21 85
89 70
6 52
61 81
81 20
2 36
54 22
49 71
29 58
1 11
74 75
49 50
96 9
79 59
34 38
22 1
95 1
29 15
53 28
50 7
35 93
92 23
98 96
22 67
63 91
28 92
34 31
40 66
99 33
1 96
15 98
78 96
61 40
13 45
58 1
2 72
94 54
18 24
47 85
74 1
67 42
49 94
8 59
93 72
35 76
2 2
69 69
68 27
42 37
22 58
82 40
97 19
25 43
37 62
57 54
36 9
14 89
87 85
72 92
73 13
6 36
58 26
24 73
48 53
47 80
39 27
64 77
82 44
87 22
57 42
86 95
57 16
10 30
11 80
55 63
15 54
47 15
31 69
61 22
82 29
43 57
31 60
