106
25 49
39 51
52 33
2 32
88 43
84 93
39 84
21 26
24 93
26 4
43 67
11 79
77 17
11 13
96 65
64 62
81 11
3 76
80 51
27 59
18 46
49 73
33 10
3 5
47 81
95 8
56 49
72 38
68 97
2 58
62 17
49 95
30 73
92 70
86 31
81 85
61 8
98 93
19 32
16 62
35 99
95 51
44 24
73 65
44 58
7 41
65 48
33 77
85 25
24 42
79 44
64 53
86 8
91 87
13 57
11 27
10 98
46 3
62 79
99 23
66 78
65 96
69 33
40 23
43 0
83 99
72 0
78 65
98 46
9 84
80 79
1 14
1 69
37 29
27 8
19 94
98 85
57 2
99 30
42 52
43 95
22 28
54 42
17 98
18 8
19 64
80 2
57 66
67 14
76 81
63 92
47 87
32 71
95 16
72 28
32 43
27 87
5 60
10 20
63 9
47 64
73 60
84 17
33 57
78 94
41 72
