110
24 45
34 35
18 26
42 89
34 73
26 5
2 76
0 57
16 69
26 91
42 4
42 20
10 11
38 58
6 98
2 31
8 45
10 91
42 37
20 54
22 1
6 16
2 1
22 19
26 97
22 83
40 75
44 60
4 60
44 96
16 33
36 18
34 50
38 1
10 74
2 37
30 65
4 90
0 21
32 21
18 47
38 40
38 83
0 93
2 71
18 76
0 45
10 2
24 63
20 96
4 24
2 7
40 51
22 31
22 10
42 32
44 78
42 10
38 98
8 57
18 17
28 36
38 65
26 80
16 3
14 61
42 26
12 42
14 98
10 83
34 92
44 48
32 3
30 58
30 77
12 30
26 22
6 79
4 48
30 43
20 66
8 33
18 89
34 10
14 14
26 52
12 54
10 68
30 28
30 85
28 12
18 40
26 70
14 86
10 23
50 0
46 71
44 18
30 98
0 9
0 63
0 85
6 6
38 89
39 45
36 24
36 72
18 55
27 36
32 57
