107
48 50
72 12
6 56
54 96
78 28
57 74
10 85
74 61
26 73
50 15
26 56
12 4
74 27
78 11
2 59
21 87
51 46
34 52
16 61
84 14
88 74
79 90
16 27
43 68
37 35
33 17
90 49
7 38
61 3
30 2
32 98
97 85
11 99
96 12
59 66
72 99
5 9
82 61
2 33
59 92
89 32
78 84
61 31
73 50
32 22
53 53
28 82
0 51
50 89
18 34
21 52
55 72
67 60
71 6
72 86
39 14
68 29
82 71
60 43
10 27
4 43
14 66
83 22
59 57
96 62
87 0
76 44
95 88
6 81
97 20
99 64
41 75
54 30
1 89
16 18
47 12
6 3
34 32
90 40
16 98
34 3
60 4
88 55
34 44
92 5
30 58
72 43
20 7
64 86
5 17
74 76
45 61
52 44
15 93
46 23
64 14
86 90
92 71
16 52
68 0
25 16
92 21
86 46
24 65
43 39
86 85
12 57
