107
20 75
53 88
90 31
48 62
28 22
94 42
94 60
36 39
11 56
3 10
99 74
66 50
62 77
77 78
45 4
43 48
86 48
40 68
60 92
82 34
44 28
7 46
58 34
67 12
14 88
22 44
2 79
28 58
77 0
1 96
54 18
16 31
24 4
74 95
25 72
41 75
10 18
85 72
74 20
59 3
2 2
99 25
3 38
24 90
80 53
67 41
41 42
23 18
34 55
98 64
40 21
85 78
73 86
8 83
17 47
62 20
36 78
76 39
6 30
84 86
62 87
34 28
48 33
41 50
23 32
38 92
86 12
62 61
5 69
37 96
2 52
47 5
60 72
62 55
26 8
99 56
23 93
40 94
62 35
1 70
14 61
81 97
75 28
0 22
68 6
74 62
48 81
40 14
26 76
72 21
18 46
33 60
60 41
17 19
30 32
9 60
94 70
61 9
45 13
90 56
52 91
74 35
22 81
26 67
31 18
41 82
10 52
