115
43 86
40 20
8 98
3 86
6 39
19 76
82 29
8 19
44 72
93 58
72 16
63 4
89 16
51 49
6 49
76 30
12 28
64 24
86 76
23 95
25 6
66 82
27 48
96 2
36 34
53 33
62 68
15 61
80 93
95 98
64 43
28 90
42 18
91 84
85 54
41 70
99 50
31 53
59 92
90 33
29 29
20 3
87 5
22 46
60 76
2 21
1 96
95 66
39 56
17 12
81 10
85 87
26 34
87 41
34 22
17 50
38 50
86 64
66 37
55 87
51 27
54 73
38 41
49 0
1 63
1 3
67 2
74 98
99 30
34 2
72 66
55 54
23 75
37 99
71 51
0 36
5 5
68 18
52 3
53 98
13 76
81 4
99 80
38 85
79 69
80 47
57 19
0 88
41 66
14 33
2 46
26 62
46 99
58 62
66 45
9 5
30 79
89 90
75 87
12 66
24 19
62 18
77 73
8 48
9 90
55 35
46 70
79 54
29 87
71 20
63 74
40 27
59 10
82 19
81 78
