117
38 63
25 20
3 22
55 13
34 31
75 61
84 75
73 91
26 44
78 8
29 88
13 79
93 44
48 40
28 5
9 20
42 13
86 43
85 61
22 12
7 14
77 82
37 38
74 33
9 94
59 65
98 15
9 55
89 98
59 88
89 29
56 28
49 77
38 68
10 46
7 71
72 26
34 83
60 5
3 33
84 4
18 31
68 66
20 4
51 25
46 59
87 89
27 78
62 10
33 24
7 88
43 35
29 19
63 50
1 0
99 59
98 80
99 0
50 99
23 58
19 99
44 93
46 2
2 69
71 96
6 0
77 12
10 51
42 3
97 69
47 49
23 97
69 34
63 84
23 40
20 77
78 55
79 75
47 74
1 43
54 47
74 2
0 8
93 11
1 58
37 59
82 27
48 16
33 45
91 83
4 29
24 67
82 99
71 62
60 36
32 92
85 51
49 83
58 70
10 70
54 22
18 26
88 32
14 6
14 85
74 8
17 37
44 76
86 67
20 82
46 10
15 11
68 70
88 19
78 38
34 8
32 73
