108
78 92
82 64
38 79
61 38
22 16
25 50
41 71
3 37
3 66
10 86
38 34
70 54
90 23
88 5
3 14
76 74
26 19
1 75
84 29
41 86
15 72
75 96
33 39
88 70
35 75
63 67
71 10
87 49
46 50
44 20
59 82
52 95
10 50
1 28
57 32
97 46
62 11
90 79
33 94
27 62
75 26
21 33
55 55
38 13
88 11
68 93
83 95
75 59
10 9
60 61
16 26
59 43
86 56
40 29
35 68
17 15
33 16
45 77
29 32
44 0
99 99
19 97
27 2
98 66
98 84
13 1
98 26
56 8
21 77
13 58
75 32
1 83
0 21
77 2
98 8
39 48
58 23
83 44
22 58
62 89
15 87
38 1
97 62
33 90
90 84
16 44
4 69
42 62
63 3
52 37
78 68
66 38
37 91
85 19
44 21
91 86
21 70
47 20
25 44
68 25
43 43
24 85
73 85
42 65
47 43
74 66
33 59
27 68
