137
50 17
68 27
2 1
52 38
98 61
8 68
81 67
11 37
31 17
70 86
30 1
92 79
28 51
83 99
29 71
9 18
29 87
47 89
82 8
82 48
70 56
30 36
93 19
97 1
68 1
90 36
42 48
48 61
8 91
12 77
21 27
1 27
13 49
40 6
68 41
80 26
97 90
18 7
99 32
52 77
28 97
99 52
62 97
76 85
61 27
37 39
18 61
58 67
37 79
78 2
2 77
57 49
72 68
62 10
21 47
40 27
17 19
81 17
72 47
38 61
78 78
27 9
88 58
0 56
10 96
99 76
86 99
98 15
48 98
0 7
51 0
0 41
17 79
99 97
58 77
98 18
1 55
2 99
44 75
98 38
92 1
42 98
2 21
21 99
69 98
13 0
31 57
99 71
58 0
44 34
70 16
50 52
56 84
48 11
39 0
1 71
0 86
18 33
84 84
88 51
38 21
82 37
31 81
59 41
49 31
21 0
16 82
22 67
68 11
2 49
33 95
65 72
61 91
62 57
99 6
51 67
57 2
90 86
33 43
88 67
77 53
8 7
18 41
96 44
10 56
7 29
42 90
90 30
60 21
70 82
76 14
28 31
43 69
82 57
78 87
92 8
23 89
