106
0 33
0 18
0 3
2 40
2 10
20 28
49 43
22 90
49 13
15 57
80 17
30 63
0 88
23 45
70 62
22 75
2 65
23 5
70 42
70 88
73 0
92 45
49 28
82 32
30 18
8 85
30 42
0 48
15 17
15 32
15 2
15 72
70 18
70 72
49 3
28 95
30 3
0 73
30 78
80 4
15 88
2 25
70 53
5 47
30 27
23 60
70 33
2 95
15 47
5 3
30 87
2 80
22 0
0 58
80 43
18 95
70 7
25 28
30 52
5 32
28 10
8 70
10 18
23 65
10 53
20 37
7 90
10 3
27 70
7 75
5 17
5 58
27 35
25 82
25 17
10 38
20 52
20 13
20 83
25 53
10 62
10 27
12 10
12 80
96 10
96 31
70 96
95 17
49 34
89 4
78 72
95 41
69 26
47 19
68 82
88 18
74 48
10 98
0 28
25 43
20 67
9 47
23 20
15 27
16 66
16 41
