107
59 96
57 40
22 35
82 43
30 7
23 50
1 80
65 89
44 54
33 85
46 21
91 80
5 63
81 61
26 21
65 65
81 91
81 22
21 58
64 40
32 39
28 59
29 29
7 48
52 71
41 99
77 5
95 95
18 92
18 76
95 51
4 18
59 13
96 26
94 12
70 1
1 43
37 5
95 62
63 80
98 41
18 9
39 40
68 51
56 66
96 71
92 96
31 88
63 37
45 80
73 10
21 66
14 51
59 85
46 45
79 52
16 21
86 33
53 43
35 19
22 42
60 71
51 32
5 3
1 34
80 77
77 97
99 6
66 23
57 9
35 65
99 55
16 81
3 28
96 76
80 29
17 37
45 17
84 2
36 71
23 1
59 57
79 96
36 94
7 69
97 80
9 20
37 56
70 0
0 54
76 22
43 26
66 79
42 61
70 40
24 84
37 47
7 53
88 57
74 90
93 91
61 28
62 81
31 13
51 57
43 31
18 44
