87
22 23
28 45
15 19
91 8
4 6
45 6
10 11
58 45
36 28
41 78
74 26
66 44
36 12
9 30
34 42
46 38
30 26
97 28
13 44
88 73
99 99
36 97
21 6
2 43
79 80
20 41
6 16
14 30
56 86
1 62
90 42
20 88
33 60
84 55
52 59
19 74
88 14
51 15
57 75
71 78
34 76
69 54
87 28
92 4
44 29
44 52
28 40
41 13
17 49
5 8
33 54
31 23
61 54
13 25
15 16
16 35
24 30
65 7
20 92
95 71
36 94
89 57
70 68
74 20
47 0
42 72
60 12
0 31
51 24
99 20
85 81
99 4
18 55
72 63
85 8
93 66
7 2
39 1
1 22
2 38
36 68
53 52
42 46
29 11
46 10
41 38
17 20
