108
36 56
70 70
59 56
96 28
77 8
42 52
30 65
56 89
6 95
80 50
56 37
25 86
33 4
9 14
96 89
19 24
74 20
41 6
64 57
82 68
66 76
51 90
50 53
31 51
1 54
82 90
18 57
10 80
91 14
72 37
53 70
58 5
93 59
33 21
45 99
99 97
31 96
88 38
78 88
5 63
87 72
26 43
46 67
52 30
31 70
24 4
99 38
78 48
68 16
62 71
6 51
59 43
73 53
86 23
81 82
94 49
50 44
26 49
71 79
86 60
66 64
11 37
68 98
7 0
38 25
99 8
13 75
99 72
43 83
54 15
4 9
85 7
25 94
24 9
94 99
55 23
73 30
15 40
40 22
81 92
31 81
98 24
52 5
96 77
23 65
27 29
59 98
18 17
69 30
45 90
9 57
44 43
63 9
37 67
79 54
84 15
37 11
39 69
56 77
80 39
64 38
59 23
56 57
74 88
45 53
66 47
58 71
40 64
