107
97 70
82 38
3 32
65 25
37 14
15 34
9 79
18 4
30 32
86 19
64 42
32 95
91 94
13 65
41 84
70 8
68 98
23 55
2 77
34 7
89 33
58 53
49 10
9 46
95 82
90 41
74 23
83 58
46 70
82 0
0 59
17 20
47 43
56 80
71 66
71 82
83 94
20 91
40 21
98 58
54 24
35 80
50 1
99 96
25 98
90 72
26 41
15 84
51 63
90 24
74 46
65 92
53 33
81 66
26 7
83 14
69 57
55 67
82 46
28 84
1 97
96 1
4 13
37 56
64 6
75 80
46 90
0 28
30 56
98 47
84 95
75 82
94 2
0 83
58 98
15 50
98 28
33 41
1 45
13 20
37 23
43 94
96 76
56 10
61 37
78 7
36 66
41 0
60 84
68 20
24 30
18 10
63 44
49 72
24 82
78 60
97 65
56 1
46 25
93 84
90 50
87 4
65 34
24 46
18 28
40 91
23 16
