110
78 33
95 76
36 22
37 96
75 56
10 25
48 6
60 82
18 69
67 14
20 41
95 24
17 12
87 11
95 95
86 40
98 79
32 99
68 29
64 5
43 12
24 21
52 34
50 49
7 57
36 39
99 60
65 45
26 55
19 93
32 3
5 79
60 59
8 4
46 97
84 4
55 23
3 18
60 90
82 58
46 0
87 22
31 36
22 50
9 63
50 55
25 7
64 77
17 83
98 85
62 37
68 52
74 5
86 64
41 32
79 48
11 14
58 53
0 97
42 81
36 66
6 40
80 97
98 2
44 81
1 0
71 70
99 99
32 70
93 38
75 73
99 30
68 0
1 25
36 56
20 26
75 30
45 77
98 5
18 0
10 56
18 72
17 43
52 27
70 19
92 98
46 67
37 95
90 45
97 75
33 6
54 1
6 32
46 40
95 65
81 19
62 65
97 12
54 26
45 92
19 21
91 84
40 47
4 23
38 1
69 9
56 83
43 61
80 27
68 60
