105
89 80
4 19
77 57
53 49
81 5
42 65
98 82
91 5
46 37
85 62
46 10
24 51
9 88
18 73
85 20
45 81
55 16
35 34
64 46
70 9
77 64
19 60
87 54
79 11
32 19
76 33
62 61
13 41
11 4
73 86
94 96
31 84
2 50
49 85
74 71
3 95
11 24
27 35
78 40
64 4
49 3
35 5
36 70
60 36
9 79
53 64
37 25
91 66
88 83
51 27
75 24
5 30
10 67
63 12
36 14
90 91
30 27
77 48
63 55
80 21
44 72
61 95
40 99
23 98
99 50
97 26
55 99
18 9
1 5
1 67
6 95
48 45
64 85
90 0
29 56
94 19
19 36
36 92
10 49
67 27
74 78
56 80
48 52
97 72
15 18
99 55
3 75
35 84
32 42
51 94
29 21
45 27
14 87
30 65
76 1
61 21
48 12
0 89
83 86
68 50
56 58
71 61
24 31
47 92
26 16
