107
16 82
9 52
62 35
73 3
79 34
29 80
83 85
90 72
11 21
68 50
18 34
27 22
2 97
52 70
37 53
67 76
16 65
34 35
87 36
55 54
4 11
6 77
85 22
25 90
90 81
47 4
68 22
33 7
48 18
60 98
86 58
1 33
99 23
19 6
93 97
70 78
33 60
2 5
3 71
97 67
48 76
50 32
83 18
66 64
41 48
78 53
12 82
26 52
98 82
59 33
57 84
41 16
73 13
85 47
17 55
97 8
38 96
99 44
77 91
34 75
24 99
46 96
63 3
82 2
4 47
97 25
24 38
3 56
64 36
41 31
62 91
99 93
26 19
56 48
78 33
39 6
12 27
90 44
70 62
38 75
14 89
32 94
84 77
13 4
38 34
70 93
62 22
40 48
22 62
71 69
56 58
70 54
27 76
24 21
81 32
8 61
42 55
58 77
9 12
54 38
92 89
32 20
65 27
28 40
49 43
33 49
76 27
