106
12 56
77 83
90 90
14 74
41 84
65 34
13 6
76 10
59 65
89 40
38 99
9 33
25 43
3 94
92 70
24 97
10 52
25 7
64 22
80 32
41 92
18 38
6 43
71 98
50 17
82 57
96 23
56 98
95 6
40 4
65 51
0 0
27 80
40 27
50 50
51 3
18 97
39 47
55 69
77 15
9 20
66 78
79 50
78 98
5 86
2 65
31 30
46 26
0 36
48 84
64 95
82 84
0 12
93 16
57 21
69 30
85 50
43 20
21 89
12 66
51 77
61 56
16 27
87 10
47 11
74 38
34 86
38 65
26 57
98 63
97 88
68 3
99 47
9 1
73 73
4 19
28 8
25 22
88 1
95 67
93 26
92 95
48 35
90 36
53 52
18 80
22 66
80 64
82 0
78 24
53 93
81 69
45 58
34 98
23 36
98 11
30 22
61 28
13 81
73 91
7 6
14 95
86 29
90 66
17 13
85 22
