110
51 29
57 13
88 2
80 18
60 86
45 65
67 65
27 6
87 73
17 57
18 98
18 30
73 93
3 79
80 36
47 34
25 40
44 56
24 89
58 71
56 7
42 25
75 74
88 54
63 50
17 73
94 93
2 43
41 10
64 28
89 40
4 88
19 21
38 49
78 99
26 69
10 60
50 91
31 84
56 45
77 22
20 48
34 6
71 42
63 97
15 10
59 80
83 83
85 9
50 59
44 19
74 68
14 51
68 82
50 35
32 60
57 62
52 22
5 24
71 1
92 26
1 41
98 90
39 78
97 59
2 94
99 0
98 74
0 72
32 35
41 95
99 45
73 52
97 15
26 20
44 73
31 0
88 59
17 81
72 16
14 35
72 99
32 27
15 14
62 6
75 42
45 89
85 44
29 20
31 79
16 67
30 55
72 56
8 84
89 23
93 70
83 90
55 76
7 41
62 36
53 52
70 15
91 46
23 46
81 60
41 64
38 32
75 12
64 79
17 42
