118
3 69
8 33
77 48
35 7
39 33
77 82
55 50
18 91
61 80
72 10
49 68
60 94
86 50
70 37
52 32
49 53
11 67
84 44
67 51
50 45
24 75
10 0
53 8
3 13
27 22
86 66
72 67
95 2
16 50
91 84
18 33
67 33
27 95
61 1
90 12
33 68
41 56
11 47
41 20
7 89
7 14
80 90
94 47
0 79
57 5
92 72
41 41
63 86
44 15
57 61
46 1
62 70
52 39
84 75
35 19
91 53
66 43
80 25
40 87
98 32
91 99
1 54
49 99
69 14
30 47
55 24
77 1
28 6
39 82
1 35
94 32
26 0
24 34
21 15
18 76
93 9
3 29
83 30
57 23
94 96
33 61
48 74
26 90
99 57
0 49
0 10
12 89
97 79
67 72
34 54
92 0
58 85
26 20
3 63
76 30
82 82
76 60
1 20
43 19
14 54
61 26
35 47
38 63
15 40
86 4
75 76
65 9
53 59
5 40
68 59
41 29
62 37
37 9
69 23
47 60
58 11
12 40
46 52
