111
73 23
71 43
32 15
14 5
12 40
93 72
58 31
34 97
29 68
19 24
29 36
12 56
84 2
72 92
91 23
46 1
39 53
28 91
97 23
78 44
28 8
38 69
72 30
39 91
40 60
59 71
47 20
76 71
63 55
92 37
14 96
1 66
87 59
71 9
17 76
43 34
50 82
56 14
97 47
12 11
66 84
82 81
3 45
64 70
63 47
72 2
43 69
50 36
18 82
59 17
59 86
35 10
17 33
81 48
15 68
71 38
18 14
50 74
71 53
53 28
99 93
4 84
71 99
95 2
28 52
99 78
3 14
87 95
49 96
57 52
2 60
90 63
68 2
35 83
24 50
10 0
88 9
1 38
97 41
36 34
87 23
21 91
43 97
70 23
98 58
4 52
28 50
63 98
52 45
27 22
76 62
34 75
26 98
26 36
94 17
46 9
60 63
8 70
81 10
60 84
14 90
53 66
65 38
41 27
42 83
23 75
89 54
21 9
70 62
57 36
66 52
