116
95 30
59 48
47 66
71 54
98 96
55 30
89 56
78 38
75 70
22 58
72 9
28 88
46 17
23 15
18 63
86 59
63 2
56 55
49 30
57 37
77 91
15 40
33 28
59 78
33 68
47 87
91 8
70 26
96 75
43 49
19 1
7 19
2 96
34 5
14 86
10 68
88 22
35 36
99 35
29 52
8 27
54 95
8 49
68 92
61 69
35 96
52 80
76 79
32 19
5 79
7 64
98 16
26 49
66 65
43 40
46 63
84 28
41 74
69 83
76 63
60 57
46 52
56 90
48 1
5 4
93 89
56 16
1 32
74 12
16 97
72 40
82 98
50 16
98 59
24 73
99 9
89 71
30 96
22 29
87 42
55 1
6 54
17 15
83 1
22 77
4 85
0 20
50 99
15 34
95 55
72 38
58 41
70 21
81 75
21 93
75 4
74 48
37 14
31 57
39 88
29 30
10 9
19 72
84 17
49 24
69 10
80 82
48 69
60 81
61 38
81 53
47 44
25 66
52 61
80 19
67 48
