111
10 52
84 28
30 85
33 6
76 82
12 34
2 53
38 33
85 68
70 2
92 93
71 41
60 53
94 53
25 23
77 61
68 75
85 19
90 77
73 95
73 27
2 24
12 69
14 10
44 79
13 94
31 65
53 18
2 0
38 6
12 79
31 92
57 10
90 9
49 88
88 43
44 36
59 71
67 27
19 39
5 71
58 77
91 57
4 15
21 4
26 88
41 67
76 16
31 28
75 51
2 36
91 89
20 67
72 75
36 95
78 92
68 12
18 85
7 60
60 64
42 50
99 32
2 89
98 9
77 0
56 46
64 91
99 71
50 98
52 3
52 32
78 99
99 95
1 17
26 62
35 3
18 49
17 24
39 21
99 20
99 43
0 6
37 65
54 40
83 64
33 99
72 2
72 79
20 18
83 33
69 61
43 15
59 39
46 92
95 25
24 4
63 23
16 32
81 99
19 75
57 8
34 82
81 24
14 44
10 19
76 76
81 59
63 2
81 83
74 62
73 90
