103
22 21
66 4
8 40
77 95
66 38
35 40
77 78
80 39
37 56
7 5
63 94
48 96
93 96
49 5
6 21
52 21
81 6
61 79
94 76
80 23
52 56
23 55
47 77
51 41
7 57
38 20
34 95
81 57
67 56
35 4
32 78
66 22
21 6
20 39
19 98
52 60
3 1
97 90
4 43
7 61
24 62
82 62
85 25
93 72
24 24
63 1
68 64
2 23
35 35
38 64
49 0
49 99
50 35
79 99
80 0
34 99
34 0
62 71
58 20
96 98
98 76
64 36
0 59
40 79
19 0
7 26
79 44
43 19
65 97
2 6
17 37
34 42
64 7
49 42
82 92
28 19
51 92
75 21
69 81
17 6
1 37
64 42
83 77
30 69
54 78
79 7
49 7
38 25
14 44
78 37
57 56
35 90
77 58
17 58
43 55
52 27
46 74
32 7
16 21
28 54
77 73
67 91
69 24
