118
32 81
8 95
23 45
39 52
60 79
76 35
68 88
45 21
12 21
93 61
7 57
72 0
11 74
83 9
31 14
87 26
1 70
19 91
94 3
72 81
12 83
84 89
93 45
25 64
47 4
62 36
54 48
96 76
10 7
80 53
51 90
27 31
59 14
49 62
12 27
37 0
88 97
97 31
61 52
57 75
46 34
86 66
40 60
3 87
17 59
92 90
80 23
53 19
33 47
49 42
79 97
55 68
19 37
32 68
92 82
18 64
7 77
50 12
44 45
72 65
23 1
56 98
30 17
9 0
75 49
26 96
40 81
0 55
61 0
99 60
98 45
68 32
91 8
16 45
65 99
7 23
75 14
96 99
37 87
26 15
40 2
77 67
32 28
90 76
60 22
93 13
98 38
63 6
66 57
77 43
41 27
7 49
68 84
9 9
39 67
98 84
12 31
56 0
35 43
53 47
94 52
31 79
27 25
82 12
69 50
83 83
89 59
41 7
12 16
10 67
15 13
54 57
79 72
31 54
42 18
81 58
89 84
17 21
