111
97 24
60 60
36 45
37 62
71 87
88 90
78 84
27 85
91 65
53 78
83 2
61 23
2 27
81 18
5 65
1 55
68 56
52 62
17 85
24 43
56 86
62 64
48 11
33 29
50 99
3 79
24 4
96 49
7 97
64 42
98 6
47 25
9 13
69 0
35 73
94 96
15 66
88 61
13 37
33 91
98 75
67 19
82 77
25 29
46 50
28 50
91 8
59 78
17 74
13 6
74 62
39 69
56 32
22 91
13 80
85 11
66 84
91 82
53 66
7 71
80 42
34 14
64 0
98 34
83 39
81 25
0 93
19 24
12 52
51 6
2 19
8 35
69 38
54 99
38 95
97 79
55 39
38 38
34 18
29 59
66 3
13 99
48 84
73 90
99 58
77 68
6 55
76 23
23 61
52 12
1 84
32 45
89 30
49 85
78 2
31 80
83 59
18 47
66 56
77 73
92 3
80 92
71 48
70 8
90 22
63 78
23 57
59 56
81 9
54 76
67 63
