103
49 28
29 35
6 42
28 65
48 56
50 42
7 19
27 21
49 71
49 1
29 0
7 56
8 70
7 2
27 49
49 13
7 35
27 14
28 70
7 63
6 14
8 49
49 64
49 21
28 40
28 6
50 7
28 78
49 48
28 55
8 28
7 9
49 37
28 29
69 66
1 72
32 0
35 79
55 69
1 0
21 78
58 0
58 26
14 64
35 16
56 42
14 30
23 49
33 34
43 61
0 43
0 58
15 2
0 15
21 15
24 0
42 19
14 32
24 63
34 49
57 49
59 21
57 6
43 2
0 27
13 50
43 34
35 73
58 57
42 57
12 71
58 35
0 4
35 19
0 36
0 61
1 22
21 18
55 65
22 35
42 50
43 5
41 72
57 15
22 57
42 41
44 27
15 5
1 50
35 63
20 72
35 4
20 41
16 16
14 57
35 41
14 42
37 56
41 16
21 6
19 27
34 27
15 22
