114
74 78
82 8
8 63
58 77
58 18
71 31
28 71
32 58
12 83
44 92
85 33
22 8
25 24
52 56
83 3
12 59
57 86
70 10
54 68
10 0
14 44
73 53
92 46
8 21
97 12
57 39
88 64
40 34
81 95
2 93
45 11
0 51
95 81
30 85
96 18
82 19
48 50
72 84
0 43
62 94
44 79
10 87
67 36
94 29
80 79
65 17
60 71
45 69
53 92
77 25
67 63
18 64
79 11
44 90
7 52
69 25
21 98
34 0
95 98
21 39
39 16
87 47
36 38
97 67
1 19
48 3
64 2
1 36
36 58
2 5
0 77
53 33
42 76
19 3
15 23
76 52
88 97
95 0
90 50
25 91
48 1
35 44
63 43
30 28
95 26
44 26
75 70
96 9
94 87
30 94
32 63
54 16
7 37
49 47
5 70
70 92
81 77
85 40
16 90
6 9
1 86
24 48
71 38
87 61
42 44
2 63
63 7
85 91
93 35
78 36
84 9
72 19
80 85
44 41
