125
59 4
47 12
81 8
42 40
83 71
23 8
35 20
73 41
8 10
8 90
63 11
46 4
72 17
33 31
30 7
75 11
91 89
54 76
84 55
12 41
68 79
88 39
23 62
58 42
24 78
52 28
70 56
19 22
3 19
94 72
91 11
3 2
85 93
97 48
46 67
9 50
28 41
15 91
59 87
91 4
11 0
60 70
40 17
94 80
17 1
88 67
23 32
68 2
55 21
91 52
83 83
65 76
37 6
54 8
28 17
16 12
33 91
9 71
37 54
62 56
0 94
3 66
4 29
79 26
43 96
92 33
33 73
97 19
58 98
0 49
99 96
29 93
44 51
98 2
43 88
73 34
59 36
65 93
14 57
17 75
36 69
2 84
26 47
77 56
18 27
99 64
14 98
1 63
4 35
39 35
55 51
76 92
46 82
90 19
31 0
66 32
74 77
44 60
18 83
29 66
63 65
60 3
49 46
5 15
84 32
76 17
20 41
38 31
81 63
38 81
52 0
51 90
62 27
9 65
15 27
18 51
87 42
43 21
58 13
34 46
85 9
69 69
12 17
27 27
65 8
