110
10 19
75 10
57 62
33 38
83 97
37 10
75 43
32 62
24 22
79 80
35 76
87 18
10 41
18 57
64 26
23 74
65 6
42 58
2 8
78 90
13 52
34 17
63 16
47 31
8 98
76 66
3 82
23 2
44 89
98 47
49 74
4 67
88 4
47 0
81 30
3 35
46 95
73 49
97 26
16 4
1 63
50 41
31 82
36 31
19 69
31 2
16 20
81 56
78 97
53 90
70 80
27 53
65 66
42 49
86 26
72 34
41 68
13 27
77 24
92 65
97 89
25 98
63 94
54 76
9 81
91 44
97 81
58 46
48 20
94 86
26 42
0 86
1 15
89 9
54 3
39 96
74 3
48 16
61 30
5 49
44 54
98 40
20 6
69 48
64 87
26 36
36 82
95 22
68 98
33 3
9 22
6 77
23 67
12 5
75 17
63 35
42 47
35 24
85 93
54 82
46 9
71 57
38 90
14 72
29 77
37 54
72 86
29 10
10 17
48 85
