119
34 48
64 36
92 8
57 61
5 7
76 17
47 21
35 65
9 40
62 97
33 87
48 40
88 36
74 47
9 62
97 23
34 15
2 37
61 24
44 69
37 56
39 42
88 16
10 90
94 59
83 95
30 1
97 87
56 84
25 37
99 73
57 9
21 2
3 26
40 92
30 80
84 2
74 89
7 71
0 98
26 95
96 43
26 18
66 50
10 11
58 65
65 22
49 80
41 22
54 96
82 23
97 29
4 86
62 14
35 8
53 59
51 28
72 16
46 63
77 63
69 1
85 76
0 51
92 59
22 73
53 2
99 5
15 27
12 88
73 35
81 97
7 55
61 83
2 6
83 50
25 41
25 59
48 96
0 68
87 81
68 1
0 29
90 37
99 64
15 96
69 96
16 20
31 97
15 76
32 33
30 73
11 48
16 0
72 41
91 78
38 47
40 11
75 55
85 9
17 93
18 34
92 63
36 30
99 38
83 90
59 75
60 29
42 27
77 21
47 88
52 13
25 81
4 32
22 14
81 41
67 32
90 30
93 66
75 8
