107
89 52
12 5
10 23
58 35
92 22
30 96
91 3
35 28
1 78
30 71
74 18
79 70
74 53
44 83
89 86
58 28
21 6
34 65
92 35
65 60
23 71
10 10
87 14
28 51
99 73
55 9
49 55
60 89
69 3
6 93
15 59
74 98
39 7
72 33
48 69
97 87
29 44
20 27
96 53
80 66
3 31
3 67
83 86
98 4
59 73
69 19
89 28
97 65
53 25
64 95
36 90
21 81
29 22
62 46
85 44
98 40
81 32
87 72
97 10
31 76
22 64
40 74
86 58
43 41
8 41
21 98
98 99
44 99
20 33
30 1
47 0
47 44
75 81
7 89
34 23
65 65
22 95
59 97
16 77
83 4
71 47
46 12
66 6
39 57
16 6
19 57
70 12
13 93
98 49
13 37
31 16
63 35
85 18
46 61
15 20
54 93
29 37
78 39
66 92
67 55
29 86
45 71
12 26
70 23
86 65
30 58
37 63
