111
30 63
89 65
43 93
59 91
64 68
2 56
50 86
98 17
41 6
19 82
68 42
83 90
34 44
16 13
72 13
42 25
32 22
5 45
99 23
16 75
62 21
5 10
49 32
66 61
48 78
46 16
78 66
56 83
98 85
51 56
58 3
33 80
39 67
64 28
25 40
81 7
2 37
98 69
70 79
76 46
42 45
21 61
2 22
23 16
46 61
26 88
8 55
71 27
60 50
53 97
60 58
43 53
41 84
64 78
60 35
71 67
1 78
99 38
2 92
16 98
27 1
84 21
85 39
0 72
87 94
5 0
24 34
43 0
60 5
99 86
98 47
67 99
84 80
82 95
28 94
82 23
85 61
5 36
20 46
6 59
70 82
44 99
33 72
8 19
49 70
92 36
19 76
24 25
59 44
57 20
22 54
74 52
91 39
92 72
84 88
32 11
17 90
81 53
36 58
38 31
60 13
51 46
31 74
56 29
53 92
77 75
94 79
57 64
78 61
39 77
65 52
