115
4 32
69 89
39 21
93 57
71 9
42 91
7 50
96 93
29 5
11 11
54 72
65 45
40 77
31 49
81 30
60 98
79 82
37 91
87 63
21 54
33 17
4 71
13 84
20 24
94 36
67 28
71 68
96 14
43 39
83 99
55 58
62 5
6 5
34 69
23 1
72 43
97 53
77 6
24 36
5 24
36 54
79 56
44 29
3 44
57 86
18 15
86 72
13 64
59 37
3 79
70 19
10 40
62 65
37 25
50 76
45 52
37 85
88 86
74 95
33 39
77 68
21 97
48 0
54 18
97 0
25 73
90 18
1 1
55 20
6 90
88 15
91 42
63 2
18 81
94 79
28 97
45 8
59 58
97 99
0 57
57 38
69 48
8 69
1 16
60 87
99 61
94 76
98 25
56 17
34 71
86 40
29 38
20 50
16 15
7 30
37 10
82 57
71 83
30 23
62 33
48 62
57 79
74 21
21 4
39 39
87 79
52 14
32 77
15 23
45 68
86 48
72 54
56 32
66 9
51 66
