109
57 91
52 76
64 7
86 55
70 76
95 7
17 70
17 14
73 90
68 67
57 40
85 28
78 6
90 82
70 21
72 52
86 75
92 24
85 37
53 86
67 16
91 13
69 58
80 65
51 13
96 61
26 13
55 48
19 77
14 22
56 32
14 62
97 86
91 41
8 15
96 2
60 98
58 3
56 71
70 84
20 6
62 22
83 11
85 59
96 17
77 26
93 75
63 30
68 47
71 68
93 33
67 92
95 53
86 0
79 73
61 88
26 43
2 0
35 0
36 30
89 98
47 60
1 30
20 85
35 47
13 56
1 14
29 27
6 0
15 28
36 8
11 83
19 56
19 0
26 70
81 93
7 69
0 19
37 41
19 28
35 22
74 42
97 45
55 7
57 57
74 99
52 24
50 93
58 37
96 19
54 77
14 0
5 29
81 41
84 79
0 8
29 0
88 57
12 79
63 63
24 61
97 27
21 23
85 89
84 19
14 5
85 63
64 77
79 50
