100
61 59
78 49
31 55
45 19
90 69
80 92
29 79
22 54
33 49
77 75
3 53
77 14
11 37
50 84
34 35
15 4
85 32
46 63
93 79
54 17
29 89
24 74
47 77
56 48
91 93
35 64
64 94
30 14
12 87
59 33
92 9
44 5
99 46
70 70
81 47
4 39
74 34
43 33
92 60
37 94
63 20
10 31
85 4
44 47
98 74
51 92
75 68
55 62
96 36
27 40
15 80
72 78
62 40
56 90
30 70
75 57
33 80
42 91
21 88
55 25
46 55
33 43
82 70
26 60
1 9
12 65
29 0
99 29
99 99
4 24
44 1
23 16
79 0
91 17
15 2
71 16
95 52
28 22
23 96
8 56
81 90
54 76
20 37
97 54
0 47
97 90
21 2
76 43
41 28
35 4
26 36
77 26
58 79
43 78
63 23
35 20
43 70
67 70
35 90
26 75
